<?xml version="1.0" encoding="UTF-8"?>
<coverage generated="1539258773330" clover="3.2.0">
  <project timestamp="1539258773330" name="All files">
    <metrics statements="162" coveredstatements="99" conditionals="66" coveredconditionals="34" methods="64" coveredmethods="40" elements="292" coveredelements="173" complexity="0" loc="162" ncloc="162" packages="7" files="14" classes="14">
      <package name="Prosjekt3">
        <metrics statements="7" coveredstatements="6" conditionals="6" coveredconditionals="6" methods="4" coveredmethods="3"/>
        <file name="App.js" path="C:\Users\Jack Syvertsen\Desktop\NTNU\Webutvikling\Prosjekt3\App.js">
          <metrics statements="7" coveredstatements="6" conditionals="6" coveredconditionals="6" methods="4" coveredmethods="3"/>
          <line num="12" count="3" type="cond" truecount="4" falsecount="0"/>
          <line num="13" count="1" type="stmt"/>
          <line num="21" count="2" type="stmt"/>
          <line num="31" count="1" type="stmt"/>
          <line num="49" count="0" type="stmt"/>
          <line num="53" count="1" type="stmt"/>
          <line num="57" count="1" type="stmt"/>
        </file>
      </package>
      <package name="Prosjekt3.assets.fonts">
        <metrics statements="1" coveredstatements="1" conditionals="0" coveredconditionals="0" methods="0" coveredmethods="0"/>
        <file name="SpaceMono-Regular.ttf" path="C:\Users\Jack Syvertsen\Desktop\NTNU\Webutvikling\Prosjekt3\assets\fonts\SpaceMono-Regular.ttf">
          <metrics statements="1" coveredstatements="1" conditionals="0" coveredconditionals="0" methods="0" coveredmethods="0"/>
          <line num="1" count="1" type="stmt"/>
        </file>
      </package>
      <package name="Prosjekt3.assets.images">
        <metrics statements="2" coveredstatements="2" conditionals="0" coveredconditionals="0" methods="0" coveredmethods="0"/>
        <file name="robot-dev.png" path="C:\Users\Jack Syvertsen\Desktop\NTNU\Webutvikling\Prosjekt3\assets\images\robot-dev.png">
          <metrics statements="1" coveredstatements="1" conditionals="0" coveredconditionals="0" methods="0" coveredmethods="0"/>
          <line num="1" count="1" type="stmt"/>
        </file>
        <file name="robot-prod.png" path="C:\Users\Jack Syvertsen\Desktop\NTNU\Webutvikling\Prosjekt3\assets\images\robot-prod.png">
          <metrics statements="1" coveredstatements="1" conditionals="0" coveredconditionals="0" methods="0" coveredmethods="0"/>
          <line num="1" count="1" type="stmt"/>
        </file>
      </package>
      <package name="Prosjekt3.components">
        <metrics statements="2" coveredstatements="2" conditionals="2" coveredconditionals="2" methods="2" coveredmethods="2"/>
        <file name="StyledText.js" path="C:\Users\Jack Syvertsen\Desktop\NTNU\Webutvikling\Prosjekt3\components\StyledText.js">
          <metrics statements="1" coveredstatements="1" conditionals="0" coveredconditionals="0" methods="1" coveredmethods="1"/>
          <line num="6" count="3" type="stmt"/>
        </file>
        <file name="TabBarIcon.js" path="C:\Users\Jack Syvertsen\Desktop\NTNU\Webutvikling\Prosjekt3\components\TabBarIcon.js">
          <metrics statements="1" coveredstatements="1" conditionals="2" coveredconditionals="2" methods="1" coveredmethods="1"/>
          <line num="8" count="16" type="stmt"/>
        </file>
      </package>
      <package name="Prosjekt3.constants">
        <metrics statements="1" coveredstatements="1" conditionals="0" coveredconditionals="0" methods="0" coveredmethods="0"/>
        <file name="Colors.js" path="C:\Users\Jack Syvertsen\Desktop\NTNU\Webutvikling\Prosjekt3\constants\Colors.js">
          <metrics statements="1" coveredstatements="1" conditionals="0" coveredconditionals="0" methods="0" coveredmethods="0"/>
          <line num="1" count="1" type="stmt"/>
        </file>
      </package>
      <package name="Prosjekt3.navigation">
        <metrics statements="12" coveredstatements="12" conditionals="16" coveredconditionals="12" methods="4" coveredmethods="4"/>
        <file name="AppNavigator.js" path="C:\Users\Jack Syvertsen\Desktop\NTNU\Webutvikling\Prosjekt3\navigation\AppNavigator.js">
          <metrics statements="0" coveredstatements="0" conditionals="0" coveredconditionals="0" methods="0" coveredmethods="0"/>
        </file>
        <file name="MainTabNavigator.js" path="C:\Users\Jack Syvertsen\Desktop\NTNU\Webutvikling\Prosjekt3\navigation\MainTabNavigator.js">
          <metrics statements="12" coveredstatements="12" conditionals="16" coveredconditionals="12" methods="4" coveredmethods="4"/>
          <line num="12" count="1" type="stmt"/>
          <line num="16" count="1" type="stmt"/>
          <line num="19" count="4" type="stmt"/>
          <line num="30" count="1" type="stmt"/>
          <line num="40" count="1" type="stmt"/>
          <line num="44" count="4" type="stmt"/>
          <line num="53" count="1" type="stmt"/>
          <line num="57" count="1" type="stmt"/>
          <line num="60" count="4" type="stmt"/>
          <line num="70" count="1" type="stmt"/>
          <line num="74" count="1" type="stmt"/>
          <line num="77" count="4" type="stmt"/>
        </file>
      </package>
      <package name="Prosjekt3.screens">
        <metrics statements="137" coveredstatements="75" conditionals="42" coveredconditionals="14" methods="54" coveredmethods="31"/>
        <file name="CalendarsScreen.js" path="C:\Users\Jack Syvertsen\Desktop\NTNU\Webutvikling\Prosjekt3\screens\CalendarsScreen.js">
          <metrics statements="85" coveredstatements="39" conditionals="24" coveredconditionals="4" methods="24" coveredmethods="14"/>
          <line num="8" count="8" type="stmt"/>
          <line num="9" count="8" type="stmt"/>
          <line num="10" count="8" type="stmt"/>
          <line num="11" count="8" type="stmt"/>
          <line num="19" count="8" type="stmt"/>
          <line num="24" count="4" type="cond" truecount="1" falsecount="1"/>
          <line num="25" count="0" type="cond" truecount="0" falsecount="2"/>
          <line num="26" count="0" type="stmt"/>
          <line num="27" count="0" type="stmt"/>
          <line num="28" count="0" type="stmt"/>
          <line num="29" count="0" type="stmt"/>
          <line num="39" count="8" type="stmt"/>
          <line num="40" count="8" type="stmt"/>
          <line num="41" count="0" type="stmt"/>
          <line num="42" count="0" type="stmt"/>
          <line num="43" count="0" type="cond" truecount="0" falsecount="5"/>
          <line num="44" count="0" type="stmt"/>
          <line num="45" count="0" type="stmt"/>
          <line num="49" count="0" type="stmt"/>
          <line num="50" count="0" type="stmt"/>
          <line num="52" count="0" type="stmt"/>
          <line num="55" count="0" type="stmt"/>
          <line num="56" count="0" type="stmt"/>
          <line num="60" count="0" type="stmt"/>
          <line num="61" count="0" type="stmt"/>
          <line num="62" count="0" type="stmt"/>
          <line num="63" count="0" type="stmt"/>
          <line num="66" count="0" type="stmt"/>
          <line num="74" count="0" type="stmt"/>
          <line num="75" count="0" type="stmt"/>
          <line num="77" count="0" type="cond" truecount="0" falsecount="5"/>
          <line num="78" count="0" type="stmt"/>
          <line num="81" count="0" type="cond" truecount="0" falsecount="2"/>
          <line num="82" count="0" type="stmt"/>
          <line num="84" count="0" type="stmt"/>
          <line num="86" count="0" type="stmt"/>
          <line num="89" count="0" type="stmt"/>
          <line num="110" count="1" type="stmt"/>
          <line num="111" count="1" type="stmt"/>
          <line num="112" count="1" type="stmt"/>
          <line num="113" count="1" type="stmt"/>
          <line num="114" count="1" type="stmt"/>
          <line num="115" count="1" type="stmt"/>
          <line num="116" count="1" type="stmt"/>
          <line num="117" count="1" type="stmt"/>
          <line num="118" count="1" type="stmt"/>
          <line num="119" count="1" type="stmt"/>
          <line num="126" count="1" type="stmt"/>
          <line num="127" count="1" type="stmt"/>
          <line num="135" count="1" type="cond" truecount="2" falsecount="2"/>
          <line num="136" count="0" type="stmt"/>
          <line num="137" count="0" type="stmt"/>
          <line num="140" count="1" type="stmt"/>
          <line num="157" count="3" type="stmt"/>
          <line num="158" count="3" type="stmt"/>
          <line num="159" count="3" type="cond" truecount="1" falsecount="1"/>
          <line num="160" count="3" type="stmt"/>
          <line num="161" count="3" type="stmt"/>
          <line num="165" count="3" type="stmt"/>
          <line num="166" count="3" type="stmt"/>
          <line num="167" count="3" type="stmt"/>
          <line num="172" count="0" type="stmt"/>
          <line num="176" count="0" type="stmt"/>
          <line num="177" count="0" type="stmt"/>
          <line num="178" count="0" type="stmt"/>
          <line num="188" count="0" type="stmt"/>
          <line num="189" count="0" type="stmt"/>
          <line num="190" count="0" type="stmt"/>
          <line num="191" count="0" type="stmt"/>
          <line num="192" count="0" type="cond" truecount="0" falsecount="2"/>
          <line num="193" count="0" type="stmt"/>
          <line num="197" count="0" type="stmt"/>
          <line num="198" count="0" type="stmt"/>
          <line num="199" count="0" type="stmt"/>
          <line num="207" count="1" type="stmt"/>
          <line num="214" count="1" type="stmt"/>
          <line num="221" count="1" type="stmt"/>
          <line num="227" count="0" type="stmt"/>
          <line num="232" count="5" type="stmt"/>
          <line num="233" count="5" type="stmt"/>
          <line num="238" count="2" type="stmt"/>
          <line num="239" count="2" type="stmt"/>
          <line num="244" count="12" type="stmt"/>
          <line num="263" count="0" type="stmt"/>
          <line num="272" count="2" type="stmt"/>
        </file>
        <file name="FormScreen.js" path="C:\Users\Jack Syvertsen\Desktop\NTNU\Webutvikling\Prosjekt3\screens\FormScreen.js">
          <metrics statements="14" coveredstatements="8" conditionals="2" coveredconditionals="1" methods="7" coveredmethods="3"/>
          <line num="7" count="2" type="stmt"/>
          <line num="30" count="1" type="stmt"/>
          <line num="31" count="1" type="stmt"/>
          <line num="39" count="1" type="stmt"/>
          <line num="43" count="0" type="stmt"/>
          <line num="49" count="0" type="stmt"/>
          <line num="51" count="0" type="stmt"/>
          <line num="55" count="1" type="cond" truecount="1" falsecount="1"/>
          <line num="56" count="1" type="stmt"/>
          <line num="62" count="0" type="stmt"/>
          <line num="67" count="0" type="stmt"/>
          <line num="73" count="0" type="stmt"/>
          <line num="84" count="2" type="stmt"/>
          <line num="95" count="2" type="stmt"/>
        </file>
        <file name="HomeScreen.js" path="C:\Users\Jack Syvertsen\Desktop\NTNU\Webutvikling\Prosjekt3\screens\HomeScreen.js">
          <metrics statements="8" coveredstatements="5" conditionals="4" coveredconditionals="2" methods="4" coveredmethods="2"/>
          <line num="21" count="2" type="stmt"/>
          <line num="68" count="2" type="cond" truecount="1" falsecount="1"/>
          <line num="70" count="2" type="stmt"/>
          <line num="75" count="2" type="stmt"/>
          <line num="82" count="0" type="stmt"/>
          <line num="91" count="0" type="stmt"/>
          <line num="95" count="0" type="stmt"/>
          <line num="101" count="1" type="stmt"/>
        </file>
        <file name="SettingsScreen.js" path="C:\Users\Jack Syvertsen\Desktop\NTNU\Webutvikling\Prosjekt3\screens\SettingsScreen.js">
          <metrics statements="1" coveredstatements="0" conditionals="0" coveredconditionals="0" methods="1" coveredmethods="0"/>
          <line num="12" count="0" type="stmt"/>
        </file>
        <file name="TodoScreen.js" path="C:\Users\Jack Syvertsen\Desktop\NTNU\Webutvikling\Prosjekt3\screens\TodoScreen.js">
          <metrics statements="29" coveredstatements="23" conditionals="12" coveredconditionals="7" methods="18" coveredmethods="12"/>
          <line num="15" count="2" type="stmt"/>
          <line num="16" count="2" type="stmt"/>
          <line num="36" count="4" type="cond" truecount="2" falsecount="0"/>
          <line num="37" count="3" type="stmt"/>
          <line num="41" count="3" type="stmt"/>
          <line num="48" count="1" type="stmt"/>
          <line num="50" count="1" type="stmt"/>
          <line num="51" count="1" type="stmt"/>
          <line num="52" count="1" type="stmt"/>
          <line num="54" count="1" type="stmt"/>
          <line num="60" count="5" type="stmt"/>
          <line num="62" count="0" type="stmt"/>
          <line num="65" count="5" type="stmt"/>
          <line num="67" count="0" type="stmt"/>
          <line num="70" count="5" type="cond" truecount="1" falsecount="1"/>
          <line num="74" count="10" type="stmt"/>
          <line num="79" count="3" type="stmt"/>
          <line num="81" count="0" type="stmt"/>
          <line num="86" count="0" type="stmt"/>
          <line num="94" count="0" type="stmt"/>
          <line num="95" count="1" type="stmt"/>
          <line num="111" count="2" type="stmt"/>
          <line num="113" count="1" type="stmt"/>
          <line num="114" count="0" type="cond" truecount="1" falsecount="1"/>
          <line num="118" count="4" type="stmt"/>
          <line num="121" count="5" type="stmt"/>
          <line num="122" count="1" type="stmt"/>
          <line num="126" count="4" type="stmt"/>
          <line num="131" count="2" type="stmt"/>
        </file>
      </package>
    </metrics>
  </project>
</coverage>
