<?xml version="1.0" encoding="UTF-8"?>
<coverage generated="1539614755908" clover="3.2.0">
  <project timestamp="1539614755908" name="All files">
    <metrics statements="159" coveredstatements="104" conditionals="64" coveredconditionals="35" methods="62" coveredmethods="41" elements="285" coveredelements="180" complexity="0" loc="159" ncloc="159" packages="7" files="13" classes="13">
      <package name="Prosjekt3">
        <metrics statements="7" coveredstatements="6" conditionals="6" coveredconditionals="6" methods="4" coveredmethods="3"/>
        <file name="App.js" path="C:\Users\Jack Syvertsen\Desktop\NTNU\Webutvikling\Prosjekt3\App.js">
          <metrics statements="7" coveredstatements="6" conditionals="6" coveredconditionals="6" methods="4" coveredmethods="3"/>
          <line num="12" count="3" type="cond" truecount="4" falsecount="0"/>
          <line num="13" count="1" type="stmt"/>
          <line num="21" count="2" type="stmt"/>
          <line num="31" count="1" type="stmt"/>
          <line num="49" count="0" type="stmt"/>
          <line num="53" count="1" type="stmt"/>
          <line num="57" count="1" type="stmt"/>
        </file>
      </package>
      <package name="Prosjekt3.assets.fonts">
        <metrics statements="1" coveredstatements="1" conditionals="0" coveredconditionals="0" methods="0" coveredmethods="0"/>
        <file name="SpaceMono-Regular.ttf" path="C:\Users\Jack Syvertsen\Desktop\NTNU\Webutvikling\Prosjekt3\assets\fonts\SpaceMono-Regular.ttf">
          <metrics statements="1" coveredstatements="1" conditionals="0" coveredconditionals="0" methods="0" coveredmethods="0"/>
          <line num="1" count="1" type="stmt"/>
        </file>
      </package>
      <package name="Prosjekt3.assets.images">
        <metrics statements="2" coveredstatements="2" conditionals="0" coveredconditionals="0" methods="0" coveredmethods="0"/>
        <file name="robot-dev.png" path="C:\Users\Jack Syvertsen\Desktop\NTNU\Webutvikling\Prosjekt3\assets\images\robot-dev.png">
          <metrics statements="1" coveredstatements="1" conditionals="0" coveredconditionals="0" methods="0" coveredmethods="0"/>
          <line num="1" count="1" type="stmt"/>
        </file>
        <file name="robot-prod.png" path="C:\Users\Jack Syvertsen\Desktop\NTNU\Webutvikling\Prosjekt3\assets\images\robot-prod.png">
          <metrics statements="1" coveredstatements="1" conditionals="0" coveredconditionals="0" methods="0" coveredmethods="0"/>
          <line num="1" count="1" type="stmt"/>
        </file>
      </package>
      <package name="Prosjekt3.components">
        <metrics statements="2" coveredstatements="2" conditionals="2" coveredconditionals="2" methods="2" coveredmethods="2"/>
        <file name="StyledText.js" path="C:\Users\Jack Syvertsen\Desktop\NTNU\Webutvikling\Prosjekt3\components\StyledText.js">
          <metrics statements="1" coveredstatements="1" conditionals="0" coveredconditionals="0" methods="1" coveredmethods="1"/>
          <line num="6" count="1" type="stmt"/>
        </file>
        <file name="TabBarIcon.js" path="C:\Users\Jack Syvertsen\Desktop\NTNU\Webutvikling\Prosjekt3\components\TabBarIcon.js">
          <metrics statements="1" coveredstatements="1" conditionals="2" coveredconditionals="2" methods="1" coveredmethods="1"/>
          <line num="8" count="12" type="stmt"/>
        </file>
      </package>
      <package name="Prosjekt3.constants">
        <metrics statements="1" coveredstatements="1" conditionals="0" coveredconditionals="0" methods="0" coveredmethods="0"/>
        <file name="Colors.js" path="C:\Users\Jack Syvertsen\Desktop\NTNU\Webutvikling\Prosjekt3\constants\Colors.js">
          <metrics statements="1" coveredstatements="1" conditionals="0" coveredconditionals="0" methods="0" coveredmethods="0"/>
          <line num="1" count="1" type="stmt"/>
        </file>
      </package>
      <package name="Prosjekt3.navigation">
        <metrics statements="9" coveredstatements="9" conditionals="12" coveredconditionals="9" methods="3" coveredmethods="3"/>
        <file name="AppNavigator.js" path="C:\Users\Jack Syvertsen\Desktop\NTNU\Webutvikling\Prosjekt3\navigation\AppNavigator.js">
          <metrics statements="0" coveredstatements="0" conditionals="0" coveredconditionals="0" methods="0" coveredmethods="0"/>
        </file>
        <file name="MainTabNavigator.js" path="C:\Users\Jack Syvertsen\Desktop\NTNU\Webutvikling\Prosjekt3\navigation\MainTabNavigator.js">
          <metrics statements="9" coveredstatements="9" conditionals="12" coveredconditionals="9" methods="3" coveredmethods="3"/>
          <line num="11" count="1" type="stmt"/>
          <line num="21" count="1" type="stmt"/>
          <line num="25" count="4" type="stmt"/>
          <line num="34" count="1" type="stmt"/>
          <line num="38" count="1" type="stmt"/>
          <line num="41" count="4" type="stmt"/>
          <line num="48" count="1" type="stmt"/>
          <line num="52" count="1" type="stmt"/>
          <line num="55" count="4" type="stmt"/>
        </file>
      </package>
      <package name="Prosjekt3.screens">
        <metrics statements="137" coveredstatements="83" conditionals="44" coveredconditionals="18" methods="53" coveredmethods="33"/>
        <file name="CalendarsScreen.js" path="C:\Users\Jack Syvertsen\Desktop\NTNU\Webutvikling\Prosjekt3\screens\CalendarsScreen.js">
          <metrics statements="81" coveredstatements="46" conditionals="28" coveredconditionals="10" methods="23" coveredmethods="14"/>
          <line num="14" count="2" type="stmt"/>
          <line num="18" count="10" type="stmt"/>
          <line num="19" count="10" type="stmt"/>
          <line num="20" count="10" type="stmt"/>
          <line num="21" count="10" type="stmt"/>
          <line num="28" count="10" type="stmt"/>
          <line num="33" count="6" type="cond" truecount="2" falsecount="0"/>
          <line num="34" count="2" type="cond" truecount="1" falsecount="1"/>
          <line num="35" count="0" type="stmt"/>
          <line num="36" count="0" type="stmt"/>
          <line num="37" count="0" type="stmt"/>
          <line num="38" count="0" type="stmt"/>
          <line num="46" count="10" type="stmt"/>
          <line num="47" count="10" type="stmt"/>
          <line num="48" count="2" type="stmt"/>
          <line num="49" count="2" type="stmt"/>
          <line num="50" count="2" type="cond" truecount="2" falsecount="3"/>
          <line num="51" count="2" type="stmt"/>
          <line num="52" count="2" type="stmt"/>
          <line num="56" count="0" type="stmt"/>
          <line num="57" count="0" type="stmt"/>
          <line num="59" count="0" type="stmt"/>
          <line num="62" count="0" type="stmt"/>
          <line num="63" count="0" type="stmt"/>
          <line num="70" count="0" type="stmt"/>
          <line num="71" count="0" type="stmt"/>
          <line num="73" count="0" type="cond" truecount="0" falsecount="5"/>
          <line num="74" count="0" type="stmt"/>
          <line num="77" count="0" type="cond" truecount="0" falsecount="2"/>
          <line num="78" count="0" type="stmt"/>
          <line num="80" count="0" type="stmt"/>
          <line num="82" count="0" type="stmt"/>
          <line num="85" count="0" type="stmt"/>
          <line num="106" count="1" type="stmt"/>
          <line num="107" count="1" type="stmt"/>
          <line num="108" count="1" type="stmt"/>
          <line num="109" count="1" type="stmt"/>
          <line num="110" count="1" type="stmt"/>
          <line num="111" count="1" type="stmt"/>
          <line num="112" count="1" type="stmt"/>
          <line num="113" count="1" type="stmt"/>
          <line num="114" count="1" type="stmt"/>
          <line num="115" count="1" type="stmt"/>
          <line num="122" count="1" type="stmt"/>
          <line num="123" count="1" type="stmt"/>
          <line num="131" count="1" type="cond" truecount="2" falsecount="2"/>
          <line num="132" count="0" type="stmt"/>
          <line num="133" count="0" type="stmt"/>
          <line num="136" count="1" type="stmt"/>
          <line num="153" count="3" type="stmt"/>
          <line num="154" count="3" type="stmt"/>
          <line num="155" count="3" type="cond" truecount="1" falsecount="1"/>
          <line num="156" count="3" type="stmt"/>
          <line num="157" count="3" type="stmt"/>
          <line num="161" count="3" type="stmt"/>
          <line num="162" count="3" type="stmt"/>
          <line num="163" count="3" type="stmt"/>
          <line num="168" count="0" type="stmt"/>
          <line num="172" count="0" type="stmt"/>
          <line num="173" count="0" type="stmt"/>
          <line num="174" count="0" type="stmt"/>
          <line num="182" count="0" type="stmt"/>
          <line num="183" count="0" type="stmt"/>
          <line num="184" count="0" type="stmt"/>
          <line num="185" count="0" type="stmt"/>
          <line num="186" count="0" type="cond" truecount="0" falsecount="2"/>
          <line num="187" count="0" type="stmt"/>
          <line num="191" count="0" type="stmt"/>
          <line num="192" count="0" type="stmt"/>
          <line num="193" count="0" type="stmt"/>
          <line num="202" count="1" type="stmt"/>
          <line num="209" count="1" type="stmt"/>
          <line num="216" count="1" type="stmt"/>
          <line num="222" count="0" type="stmt"/>
          <line num="227" count="5" type="stmt"/>
          <line num="228" count="5" type="stmt"/>
          <line num="233" count="2" type="stmt"/>
          <line num="234" count="2" type="stmt"/>
          <line num="238" count="16" type="stmt"/>
          <line num="255" count="0" type="stmt"/>
          <line num="263" count="2" type="stmt"/>
        </file>
        <file name="FormScreen.js" path="C:\Users\Jack Syvertsen\Desktop\NTNU\Webutvikling\Prosjekt3\screens\FormScreen.js">
          <metrics statements="14" coveredstatements="8" conditionals="2" coveredconditionals="1" methods="7" coveredmethods="3"/>
          <line num="7" count="2" type="stmt"/>
          <line num="30" count="1" type="stmt"/>
          <line num="31" count="1" type="stmt"/>
          <line num="39" count="1" type="stmt"/>
          <line num="43" count="0" type="stmt"/>
          <line num="49" count="0" type="stmt"/>
          <line num="51" count="0" type="stmt"/>
          <line num="55" count="1" type="cond" truecount="1" falsecount="1"/>
          <line num="56" count="1" type="stmt"/>
          <line num="62" count="0" type="stmt"/>
          <line num="67" count="0" type="stmt"/>
          <line num="73" count="0" type="stmt"/>
          <line num="84" count="2" type="stmt"/>
          <line num="95" count="2" type="stmt"/>
        </file>
        <file name="MapScreen.js" path="C:\Users\Jack Syvertsen\Desktop\NTNU\Webutvikling\Prosjekt3\screens\MapScreen.js">
          <metrics statements="13" coveredstatements="6" conditionals="2" coveredconditionals="0" methods="5" coveredmethods="4"/>
          <line num="8" count="1" type="stmt"/>
          <line num="9" count="1" type="stmt"/>
          <line num="22" count="1" type="stmt"/>
          <line num="28" count="0" type="stmt"/>
          <line num="32" count="1" type="stmt"/>
          <line num="33" count="0" type="cond" truecount="0" falsecount="2"/>
          <line num="34" count="0" type="stmt"/>
          <line num="35" count="0" type="stmt"/>
          <line num="37" count="0" type="stmt"/>
          <line num="38" count="0" type="stmt"/>
          <line num="41" count="0" type="stmt"/>
          <line num="54" count="1" type="stmt"/>
          <line num="99" count="2" type="stmt"/>
        </file>
        <file name="TodoScreen.js" path="C:\Users\Jack Syvertsen\Desktop\NTNU\Webutvikling\Prosjekt3\screens\TodoScreen.js">
          <metrics statements="29" coveredstatements="23" conditionals="12" coveredconditionals="7" methods="18" coveredmethods="12"/>
          <line num="15" count="2" type="stmt"/>
          <line num="16" count="2" type="stmt"/>
          <line num="36" count="4" type="cond" truecount="2" falsecount="0"/>
          <line num="37" count="3" type="stmt"/>
          <line num="41" count="3" type="stmt"/>
          <line num="48" count="1" type="stmt"/>
          <line num="50" count="1" type="stmt"/>
          <line num="51" count="1" type="stmt"/>
          <line num="52" count="1" type="stmt"/>
          <line num="54" count="1" type="stmt"/>
          <line num="60" count="5" type="stmt"/>
          <line num="62" count="0" type="stmt"/>
          <line num="65" count="5" type="stmt"/>
          <line num="67" count="0" type="stmt"/>
          <line num="70" count="5" type="cond" truecount="1" falsecount="1"/>
          <line num="74" count="10" type="stmt"/>
          <line num="79" count="3" type="stmt"/>
          <line num="81" count="0" type="stmt"/>
          <line num="86" count="0" type="stmt"/>
          <line num="94" count="0" type="stmt"/>
          <line num="95" count="1" type="stmt"/>
          <line num="111" count="2" type="stmt"/>
          <line num="113" count="1" type="stmt"/>
          <line num="114" count="0" type="cond" truecount="1" falsecount="1"/>
          <line num="118" count="4" type="stmt"/>
          <line num="121" count="5" type="stmt"/>
          <line num="122" count="1" type="stmt"/>
          <line num="126" count="4" type="stmt"/>
          <line num="131" count="2" type="stmt"/>
        </file>
      </package>
    </metrics>
  </project>
</coverage>
