{"/Users/bruker/Documents/Skole/NTNU/3.KlasseHøst/Webutvikling/it2810-webutvikling-h18-prosjekt-3-31/App.js": {"path":"/Users/bruker/Documents/Skole/NTNU/3.KlasseHøst/Webutvikling/it2810-webutvikling-h18-prosjekt-3-31/App.js","statementMap":{"0":{"start":{"line":12,"column":4},"end":{"line":27,"column":5}},"1":{"start":{"line":13,"column":6},"end":{"line":19,"column":8}},"2":{"start":{"line":21,"column":6},"end":{"line":26,"column":8}},"3":{"start":{"line":31,"column":4},"end":{"line":43,"column":7}},"4":{"start":{"line":49,"column":4},"end":{"line":49,"column":24}},"5":{"start":{"line":53,"column":4},"end":{"line":53,"column":47}},"6":{"start":{"line":57,"column":15},"end":{"line":62,"column":2}}},"fnMap":{"0":{"name":"(anonymous_0)","decl":{"start":{"line":11,"column":2},"end":{"line":11,"column":3}},"loc":{"start":{"line":11,"column":11},"end":{"line":28,"column":3}},"line":11},"1":{"name":"(anonymous_1)","decl":{"start":{"line":30,"column":24},"end":{"line":30,"column":25}},"loc":{"start":{"line":30,"column":36},"end":{"line":44,"column":3}},"line":30},"2":{"name":"(anonymous_2)","decl":{"start":{"line":46,"column":24},"end":{"line":46,"column":25}},"loc":{"start":{"line":46,"column":33},"end":{"line":50,"column":3}},"line":46},"3":{"name":"(anonymous_3)","decl":{"start":{"line":52,"column":25},"end":{"line":52,"column":26}},"loc":{"start":{"line":52,"column":31},"end":{"line":54,"column":3}},"line":52}},"branchMap":{"0":{"loc":{"start":{"line":12,"column":4},"end":{"line":27,"column":5}},"type":"if","locations":[{"start":{"line":12,"column":4},"end":{"line":27,"column":5}},{"start":{"line":12,"column":4},"end":{"line":27,"column":5}}],"line":12},"1":{"loc":{"start":{"line":12,"column":8},"end":{"line":12,"column":70}},"type":"binary-expr","locations":[{"start":{"line":12,"column":8},"end":{"line":12,"column":37}},{"start":{"line":12,"column":41},"end":{"line":12,"column":70}}],"line":12},"2":{"loc":{"start":{"line":23,"column":11},"end":{"line":23,"column":68}},"type":"binary-expr","locations":[{"start":{"line":23,"column":11},"end":{"line":23,"column":32}},{"start":{"line":23,"column":36},"end":{"line":23,"column":68}}],"line":23}},"s":{"0":3,"1":1,"2":2,"3":1,"4":0,"5":1,"6":1},"f":{"0":3,"1":1,"2":0,"3":1},"b":{"0":[1,2],"1":[3,2],"2":[2,2]},"_coverageSchema":"332fd63041d2c1bcb487cc26dd0d5f7d97098a6c","hash":"5ca49b1ac8e32f7e33e49432987a1a4026f36cd3"}
,"/Users/bruker/Documents/Skole/NTNU/3.KlasseHøst/Webutvikling/it2810-webutvikling-h18-prosjekt-3-31/assets/fonts/SpaceMono-Regular.ttf": {"path":"/Users/bruker/Documents/Skole/NTNU/3.KlasseHøst/Webutvikling/it2810-webutvikling-h18-prosjekt-3-31/assets/fonts/SpaceMono-Regular.ttf","statementMap":{"0":{"start":{"line":1,"column":0},"end":{"line":1,"column":19}}},"fnMap":{},"branchMap":{},"s":{"0":1},"f":{},"b":{},"_coverageSchema":"332fd63041d2c1bcb487cc26dd0d5f7d97098a6c","hash":"c83ec5675aa836e5b5fb1fe6ad8edfaf087ff39a"}
,"/Users/bruker/Documents/Skole/NTNU/3.KlasseHøst/Webutvikling/it2810-webutvikling-h18-prosjekt-3-31/assets/images/robot-dev.png": {"path":"/Users/bruker/Documents/Skole/NTNU/3.KlasseHøst/Webutvikling/it2810-webutvikling-h18-prosjekt-3-31/assets/images/robot-dev.png","statementMap":{"0":{"start":{"line":1,"column":0},"end":{"line":1,"column":19}}},"fnMap":{},"branchMap":{},"s":{"0":1},"f":{},"b":{},"_coverageSchema":"332fd63041d2c1bcb487cc26dd0d5f7d97098a6c","hash":"86fe98b6686a038c8b0d6d0a2aee7c97f940189c"}
,"/Users/bruker/Documents/Skole/NTNU/3.KlasseHøst/Webutvikling/it2810-webutvikling-h18-prosjekt-3-31/assets/images/robot-prod.png": {"path":"/Users/bruker/Documents/Skole/NTNU/3.KlasseHøst/Webutvikling/it2810-webutvikling-h18-prosjekt-3-31/assets/images/robot-prod.png","statementMap":{"0":{"start":{"line":1,"column":0},"end":{"line":1,"column":19}}},"fnMap":{},"branchMap":{},"s":{"0":1},"f":{},"b":{},"_coverageSchema":"332fd63041d2c1bcb487cc26dd0d5f7d97098a6c","hash":"15d3f3dc6cdb42549e49ca0e37bf2e3d620e255f"}
,"/Users/bruker/Documents/Skole/NTNU/3.KlasseHøst/Webutvikling/it2810-webutvikling-h18-prosjekt-3-31/components/StyledText.js": {"path":"/Users/bruker/Documents/Skole/NTNU/3.KlasseHøst/Webutvikling/it2810-webutvikling-h18-prosjekt-3-31/components/StyledText.js","statementMap":{"0":{"start":{"line":6,"column":4},"end":{"line":6,"column":93}}},"fnMap":{"0":{"name":"(anonymous_0)","decl":{"start":{"line":5,"column":2},"end":{"line":5,"column":3}},"loc":{"start":{"line":5,"column":11},"end":{"line":7,"column":3}},"line":5}},"branchMap":{},"s":{"0":3},"f":{"0":3},"b":{},"_coverageSchema":"332fd63041d2c1bcb487cc26dd0d5f7d97098a6c","hash":"696d9baa5514d9a1d4a213822cc170295c69bba6"}
,"/Users/bruker/Documents/Skole/NTNU/3.KlasseHøst/Webutvikling/it2810-webutvikling-h18-prosjekt-3-31/components/TabBarIcon.js": {"path":"/Users/bruker/Documents/Skole/NTNU/3.KlasseHøst/Webutvikling/it2810-webutvikling-h18-prosjekt-3-31/components/TabBarIcon.js","statementMap":{"0":{"start":{"line":8,"column":4},"end":{"line":15,"column":6}}},"fnMap":{"0":{"name":"(anonymous_0)","decl":{"start":{"line":7,"column":2},"end":{"line":7,"column":3}},"loc":{"start":{"line":7,"column":11},"end":{"line":16,"column":3}},"line":7}},"branchMap":{"0":{"loc":{"start":{"line":13,"column":15},"end":{"line":13,"column":82}},"type":"cond-expr","locations":[{"start":{"line":13,"column":36},"end":{"line":13,"column":58}},{"start":{"line":13,"column":61},"end":{"line":13,"column":82}}],"line":13}},"s":{"0":16},"f":{"0":16},"b":{"0":[8,8]},"_coverageSchema":"332fd63041d2c1bcb487cc26dd0d5f7d97098a6c","hash":"25e22afbaf084f7535ce1ae52f76392ed8642790"}
,"/Users/bruker/Documents/Skole/NTNU/3.KlasseHøst/Webutvikling/it2810-webutvikling-h18-prosjekt-3-31/constants/Colors.js": {"path":"/Users/bruker/Documents/Skole/NTNU/3.KlasseHøst/Webutvikling/it2810-webutvikling-h18-prosjekt-3-31/constants/Colors.js","statementMap":{"0":{"start":{"line":1,"column":18},"end":{"line":1,"column":27}}},"fnMap":{},"branchMap":{},"s":{"0":1},"f":{},"b":{},"_coverageSchema":"332fd63041d2c1bcb487cc26dd0d5f7d97098a6c","hash":"98a3b1313d75f751edaf6edd53a7a2dc0f3a9d0c"}
,"/Users/bruker/Documents/Skole/NTNU/3.KlasseHøst/Webutvikling/it2810-webutvikling-h18-prosjekt-3-31/navigation/AppNavigator.js": {"path":"/Users/bruker/Documents/Skole/NTNU/3.KlasseHøst/Webutvikling/it2810-webutvikling-h18-prosjekt-3-31/navigation/AppNavigator.js","statementMap":{},"fnMap":{},"branchMap":{},"s":{},"f":{},"b":{},"_coverageSchema":"332fd63041d2c1bcb487cc26dd0d5f7d97098a6c","hash":"3711ece87a27cc781afca79b4ef0e0f2087b6c14"}
,"/Users/bruker/Documents/Skole/NTNU/3.KlasseHøst/Webutvikling/it2810-webutvikling-h18-prosjekt-3-31/navigation/MainTabNavigator.js": {"path":"/Users/bruker/Documents/Skole/NTNU/3.KlasseHøst/Webutvikling/it2810-webutvikling-h18-prosjekt-3-31/navigation/MainTabNavigator.js","statementMap":{"0":{"start":{"line":10,"column":18},"end":{"line":12,"column":2}},"1":{"start":{"line":14,"column":0},"end":{"line":26,"column":2}},"2":{"start":{"line":17,"column":4},"end":{"line":24,"column":6}},"3":{"start":{"line":28,"column":22},"end":{"line":30,"column":2}},"4":{"start":{"line":32,"column":0},"end":{"line":43,"column":2}},"5":{"start":{"line":35,"column":4},"end":{"line":41,"column":6}},"6":{"start":{"line":44,"column":18},"end":{"line":46,"column":2}},"7":{"start":{"line":48,"column":0},"end":{"line":60,"column":2}},"8":{"start":{"line":51,"column":4},"end":{"line":58,"column":6}},"9":{"start":{"line":61,"column":22},"end":{"line":63,"column":2}},"10":{"start":{"line":65,"column":0},"end":{"line":73,"column":2}},"11":{"start":{"line":68,"column":4},"end":{"line":71,"column":6}}},"fnMap":{"0":{"name":"(anonymous_0)","decl":{"start":{"line":16,"column":14},"end":{"line":16,"column":15}},"loc":{"start":{"line":17,"column":4},"end":{"line":24,"column":6}},"line":17},"1":{"name":"(anonymous_1)","decl":{"start":{"line":34,"column":14},"end":{"line":34,"column":15}},"loc":{"start":{"line":35,"column":4},"end":{"line":41,"column":6}},"line":35},"2":{"name":"(anonymous_2)","decl":{"start":{"line":50,"column":14},"end":{"line":50,"column":15}},"loc":{"start":{"line":51,"column":4},"end":{"line":58,"column":6}},"line":51},"3":{"name":"(anonymous_3)","decl":{"start":{"line":67,"column":14},"end":{"line":67,"column":15}},"loc":{"start":{"line":68,"column":4},"end":{"line":71,"column":6}},"line":68}},"branchMap":{"0":{"loc":{"start":{"line":20,"column":8},"end":{"line":22,"column":30}},"type":"cond-expr","locations":[{"start":{"line":21,"column":12},"end":{"line":21,"column":50}},{"start":{"line":22,"column":12},"end":{"line":22,"column":30}}],"line":20},"1":{"loc":{"start":{"line":21,"column":23},"end":{"line":21,"column":48}},"type":"cond-expr","locations":[{"start":{"line":21,"column":33},"end":{"line":21,"column":35}},{"start":{"line":21,"column":38},"end":{"line":21,"column":48}}],"line":21},"2":{"loc":{"start":{"line":38,"column":8},"end":{"line":40,"column":26}},"type":"cond-expr","locations":[{"start":{"line":39,"column":12},"end":{"line":39,"column":54}},{"start":{"line":40,"column":13},"end":{"line":40,"column":26}}],"line":38},"3":{"loc":{"start":{"line":39,"column":27},"end":{"line":39,"column":52}},"type":"cond-expr","locations":[{"start":{"line":39,"column":37},"end":{"line":39,"column":39}},{"start":{"line":39,"column":42},"end":{"line":39,"column":52}}],"line":39},"4":{"loc":{"start":{"line":54,"column":8},"end":{"line":56,"column":35}},"type":"cond-expr","locations":[{"start":{"line":55,"column":12},"end":{"line":55,"column":50}},{"start":{"line":56,"column":12},"end":{"line":56,"column":35}}],"line":54},"5":{"loc":{"start":{"line":55,"column":23},"end":{"line":55,"column":48}},"type":"cond-expr","locations":[{"start":{"line":55,"column":33},"end":{"line":55,"column":35}},{"start":{"line":55,"column":38},"end":{"line":55,"column":48}}],"line":55},"6":{"loc":{"start":{"line":70,"column":12},"end":{"line":70,"column":92}},"type":"cond-expr","locations":[{"start":{"line":70,"column":36},"end":{"line":70,"column":77}},{"start":{"line":70,"column":80},"end":{"line":70,"column":92}}],"line":70},"7":{"loc":{"start":{"line":70,"column":50},"end":{"line":70,"column":75}},"type":"cond-expr","locations":[{"start":{"line":70,"column":60},"end":{"line":70,"column":62}},{"start":{"line":70,"column":65},"end":{"line":70,"column":75}}],"line":70}},"s":{"0":1,"1":1,"2":4,"3":1,"4":1,"5":4,"6":1,"7":1,"8":4,"9":1,"10":1,"11":4},"f":{"0":4,"1":4,"2":4,"3":4},"b":{"0":[4,0],"1":[2,2],"2":[4,0],"3":[2,2],"4":[4,0],"5":[2,2],"6":[4,0],"7":[2,2]},"_coverageSchema":"332fd63041d2c1bcb487cc26dd0d5f7d97098a6c","hash":"3d4ec1798d65edfb7cb2b36a7e006a7f533cd448"}
,"/Users/bruker/Documents/Skole/NTNU/3.KlasseHøst/Webutvikling/it2810-webutvikling-h18-prosjekt-3-31/screens/CalendarsScreen.js": {"path":"/Users/bruker/Documents/Skole/NTNU/3.KlasseHøst/Webutvikling/it2810-webutvikling-h18-prosjekt-3-31/screens/CalendarsScreen.js","statementMap":{"0":{"start":{"line":13,"column":4},"end":{"line":13,"column":17}},"1":{"start":{"line":14,"column":4},"end":{"line":14,"column":29}},"2":{"start":{"line":15,"column":4},"end":{"line":15,"column":49}},"3":{"start":{"line":19,"column":4},"end":{"line":44,"column":6}},"4":{"start":{"line":48,"column":4},"end":{"line":69,"column":13}},"5":{"start":{"line":49,"column":6},"end":{"line":62,"column":7}},"6":{"start":{"line":50,"column":21},"end":{"line":50,"column":60}},"7":{"start":{"line":51,"column":24},"end":{"line":51,"column":47}},"8":{"start":{"line":52,"column":8},"end":{"line":61,"column":9}},"9":{"start":{"line":53,"column":10},"end":{"line":53,"column":41}},"10":{"start":{"line":54,"column":27},"end":{"line":54,"column":56}},"11":{"start":{"line":55,"column":10},"end":{"line":60,"column":11}},"12":{"start":{"line":56,"column":12},"end":{"line":59,"column":15}},"13":{"start":{"line":64,"column":23},"end":{"line":64,"column":25}},"14":{"start":{"line":65,"column":6},"end":{"line":65,"column":93}},"15":{"start":{"line":65,"column":52},"end":{"line":65,"column":90}},"16":{"start":{"line":66,"column":6},"end":{"line":68,"column":9}},"17":{"start":{"line":74,"column":4},"end":{"line":76,"column":7}},"18":{"start":{"line":80,"column":4},"end":{"line":82,"column":6}},"19":{"start":{"line":86,"column":4},"end":{"line":88,"column":6}},"20":{"start":{"line":92,"column":4},"end":{"line":92,"column":31}},"21":{"start":{"line":96,"column":17},"end":{"line":96,"column":31}},"22":{"start":{"line":97,"column":4},"end":{"line":97,"column":44}},"23":{"start":{"line":102,"column":15},"end":{"line":137,"column":2}}},"fnMap":{"0":{"name":"(anonymous_0)","decl":{"start":{"line":12,"column":2},"end":{"line":12,"column":3}},"loc":{"start":{"line":12,"column":21},"end":{"line":16,"column":3}},"line":12},"1":{"name":"(anonymous_1)","decl":{"start":{"line":18,"column":2},"end":{"line":18,"column":3}},"loc":{"start":{"line":18,"column":11},"end":{"line":45,"column":3}},"line":18},"2":{"name":"(anonymous_2)","decl":{"start":{"line":47,"column":2},"end":{"line":47,"column":3}},"loc":{"start":{"line":47,"column":17},"end":{"line":71,"column":3}},"line":47},"3":{"name":"(anonymous_3)","decl":{"start":{"line":48,"column":15},"end":{"line":48,"column":16}},"loc":{"start":{"line":48,"column":21},"end":{"line":69,"column":5}},"line":48},"4":{"name":"(anonymous_4)","decl":{"start":{"line":65,"column":44},"end":{"line":65,"column":45}},"loc":{"start":{"line":65,"column":51},"end":{"line":65,"column":91}},"line":65},"5":{"name":"(anonymous_5)","decl":{"start":{"line":73,"column":2},"end":{"line":73,"column":3}},"loc":{"start":{"line":73,"column":18},"end":{"line":77,"column":3}},"line":73},"6":{"name":"(anonymous_6)","decl":{"start":{"line":79,"column":2},"end":{"line":79,"column":3}},"loc":{"start":{"line":79,"column":19},"end":{"line":83,"column":3}},"line":79},"7":{"name":"(anonymous_7)","decl":{"start":{"line":85,"column":2},"end":{"line":85,"column":3}},"loc":{"start":{"line":85,"column":20},"end":{"line":89,"column":3}},"line":85},"8":{"name":"(anonymous_8)","decl":{"start":{"line":91,"column":2},"end":{"line":91,"column":3}},"loc":{"start":{"line":91,"column":24},"end":{"line":93,"column":3}},"line":91},"9":{"name":"(anonymous_9)","decl":{"start":{"line":95,"column":2},"end":{"line":95,"column":3}},"loc":{"start":{"line":95,"column":21},"end":{"line":98,"column":3}},"line":95}},"branchMap":{"0":{"loc":{"start":{"line":52,"column":8},"end":{"line":61,"column":9}},"type":"if","locations":[{"start":{"line":52,"column":8},"end":{"line":61,"column":9}},{"start":{"line":52,"column":8},"end":{"line":61,"column":9}}],"line":52}},"s":{"0":0,"1":0,"2":0,"3":0,"4":0,"5":0,"6":0,"7":0,"8":0,"9":0,"10":0,"11":0,"12":0,"13":0,"14":0,"15":0,"16":0,"17":0,"18":0,"19":0,"20":0,"21":0,"22":0,"23":1},"f":{"0":0,"1":0,"2":0,"3":0,"4":0,"5":0,"6":0,"7":0,"8":0,"9":0},"b":{"0":[0,0]},"_coverageSchema":"332fd63041d2c1bcb487cc26dd0d5f7d97098a6c","hash":"9d7c83448615d09c42f266082644c45424c21d1e"}
,"/Users/bruker/Documents/Skole/NTNU/3.KlasseHøst/Webutvikling/it2810-webutvikling-h18-prosjekt-3-31/screens/HomeScreen.js": {"path":"/Users/bruker/Documents/Skole/NTNU/3.KlasseHøst/Webutvikling/it2810-webutvikling-h18-prosjekt-3-31/screens/HomeScreen.js","statementMap":{"0":{"start":{"line":21,"column":4},"end":{"line":64,"column":6}},"1":{"start":{"line":68,"column":4},"end":{"line":87,"column":5}},"2":{"start":{"line":70,"column":8},"end":{"line":72,"column":15}},"3":{"start":{"line":75,"column":6},"end":{"line":80,"column":8}},"4":{"start":{"line":82,"column":6},"end":{"line":86,"column":8}},"5":{"start":{"line":91,"column":4},"end":{"line":91,"column":96}},"6":{"start":{"line":95,"column":4},"end":{"line":97,"column":6}},"7":{"start":{"line":101,"column":15},"end":{"line":188,"column":2}}},"fnMap":{"0":{"name":"(anonymous_0)","decl":{"start":{"line":20,"column":2},"end":{"line":20,"column":3}},"loc":{"start":{"line":20,"column":11},"end":{"line":65,"column":3}},"line":20},"1":{"name":"(anonymous_1)","decl":{"start":{"line":67,"column":2},"end":{"line":67,"column":3}},"loc":{"start":{"line":67,"column":39},"end":{"line":88,"column":3}},"line":67},"2":{"name":"(anonymous_2)","decl":{"start":{"line":90,"column":26},"end":{"line":90,"column":27}},"loc":{"start":{"line":90,"column":32},"end":{"line":92,"column":3}},"line":90},"3":{"name":"(anonymous_3)","decl":{"start":{"line":94,"column":21},"end":{"line":94,"column":22}},"loc":{"start":{"line":94,"column":27},"end":{"line":98,"column":3}},"line":94}},"branchMap":{"0":{"loc":{"start":{"line":27,"column":16},"end":{"line":29,"column":62}},"type":"cond-expr","locations":[{"start":{"line":28,"column":20},"end":{"line":28,"column":61}},{"start":{"line":29,"column":20},"end":{"line":29,"column":62}}],"line":27},"1":{"loc":{"start":{"line":68,"column":4},"end":{"line":87,"column":5}},"type":"if","locations":[{"start":{"line":68,"column":4},"end":{"line":87,"column":5}},{"start":{"line":68,"column":4},"end":{"line":87,"column":5}}],"line":68}},"s":{"0":2,"1":2,"2":2,"3":2,"4":0,"5":0,"6":0,"7":1},"f":{"0":2,"1":2,"2":0,"3":0},"b":{"0":[2,0],"1":[2,0]},"_coverageSchema":"332fd63041d2c1bcb487cc26dd0d5f7d97098a6c","hash":"08a763cfd0ea1e55a1c32d73513315fdafcdad91"}
,"/Users/bruker/Documents/Skole/NTNU/3.KlasseHøst/Webutvikling/it2810-webutvikling-h18-prosjekt-3-31/screens/SettingsScreen.js": {"path":"/Users/bruker/Documents/Skole/NTNU/3.KlasseHøst/Webutvikling/it2810-webutvikling-h18-prosjekt-3-31/screens/SettingsScreen.js","statementMap":{"0":{"start":{"line":12,"column":4},"end":{"line":12,"column":30}}},"fnMap":{"0":{"name":"(anonymous_0)","decl":{"start":{"line":9,"column":2},"end":{"line":9,"column":3}},"loc":{"start":{"line":9,"column":11},"end":{"line":13,"column":3}},"line":9}},"branchMap":{},"s":{"0":0},"f":{"0":0},"b":{},"_coverageSchema":"332fd63041d2c1bcb487cc26dd0d5f7d97098a6c","hash":"1807066274c406eed233f6900eac7e5f88aece64"}
,"/Users/bruker/Documents/Skole/NTNU/3.KlasseHøst/Webutvikling/it2810-webutvikling-h18-prosjekt-3-31/screens/TodoScreen.js": {"path":"/Users/bruker/Documents/Skole/NTNU/3.KlasseHøst/Webutvikling/it2810-webutvikling-h18-prosjekt-3-31/screens/TodoScreen.js","statementMap":{"0":{"start":{"line":14,"column":18},"end":{"line":14,"column":42}},"1":{"start":{"line":15,"column":20},"end":{"line":15,"column":22}},"2":{"start":{"line":32,"column":4},"end":{"line":39,"column":5}},"3":{"start":{"line":33,"column":6},"end":{"line":38,"column":8}},"4":{"start":{"line":37,"column":14},"end":{"line":37,"column":42}},"5":{"start":{"line":44,"column":4},"end":{"line":51,"column":6}},"6":{"start":{"line":46,"column":20},"end":{"line":46,"column":43}},"7":{"start":{"line":47,"column":8},"end":{"line":47,"column":27}},"8":{"start":{"line":48,"column":8},"end":{"line":48,"column":32}},"9":{"start":{"line":50,"column":12},"end":{"line":50,"column":40}},"10":{"start":{"line":55,"column":4},"end":{"line":58,"column":6}},"11":{"start":{"line":57,"column":11},"end":{"line":57,"column":80}},"12":{"start":{"line":60,"column":4},"end":{"line":63,"column":6}},"13":{"start":{"line":62,"column":12},"end":{"line":62,"column":55}},"14":{"start":{"line":65,"column":4},"end":{"line":65,"column":62}},"15":{"start":{"line":65,"column":23},"end":{"line":65,"column":60}},"16":{"start":{"line":69,"column":4},"end":{"line":95,"column":6}},"17":{"start":{"line":74,"column":44},"end":{"line":74,"column":60}},"18":{"start":{"line":76,"column":12},"end":{"line":84,"column":19}},"19":{"start":{"line":81,"column":49},"end":{"line":81,"column":71}},"20":{"start":{"line":89,"column":34},"end":{"line":89,"column":63}},"21":{"start":{"line":90,"column":33},"end":{"line":90,"column":62}},"22":{"start":{"line":99,"column":12},"end":{"line":116,"column":1}},"23":{"start":{"line":101,"column":4},"end":{"line":103,"column":6}},"24":{"start":{"line":102,"column":50},"end":{"line":102,"column":72}},"25":{"start":{"line":106,"column":4},"end":{"line":106,"column":51}},"26":{"start":{"line":106,"column":29},"end":{"line":106,"column":38}},"27":{"start":{"line":109,"column":4},"end":{"line":111,"column":6}},"28":{"start":{"line":110,"column":6},"end":{"line":110,"column":50}},"29":{"start":{"line":114,"column":4},"end":{"line":114,"column":77}},"30":{"start":{"line":118,"column":15},"end":{"line":152,"column":2}}},"fnMap":{"0":{"name":"(anonymous_0)","decl":{"start":{"line":31,"column":12},"end":{"line":31,"column":13}},"loc":{"start":{"line":31,"column":20},"end":{"line":40,"column":3}},"line":31},"1":{"name":"(anonymous_1)","decl":{"start":{"line":37,"column":8},"end":{"line":37,"column":9}},"loc":{"start":{"line":37,"column":14},"end":{"line":37,"column":42}},"line":37},"2":{"name":"(anonymous_2)","decl":{"start":{"line":43,"column":15},"end":{"line":43,"column":16}},"loc":{"start":{"line":43,"column":20},"end":{"line":52,"column":3}},"line":43},"3":{"name":"(anonymous_3)","decl":{"start":{"line":45,"column":6},"end":{"line":45,"column":7}},"loc":{"start":{"line":45,"column":19},"end":{"line":49,"column":7}},"line":45},"4":{"name":"(anonymous_4)","decl":{"start":{"line":50,"column":6},"end":{"line":50,"column":7}},"loc":{"start":{"line":50,"column":12},"end":{"line":50,"column":40}},"line":50},"5":{"name":"(anonymous_5)","decl":{"start":{"line":54,"column":2},"end":{"line":54,"column":3}},"loc":{"start":{"line":54,"column":22},"end":{"line":66,"column":3}},"line":54},"6":{"name":"(anonymous_6)","decl":{"start":{"line":57,"column":6},"end":{"line":57,"column":7}},"loc":{"start":{"line":57,"column":11},"end":{"line":57,"column":80}},"line":57},"7":{"name":"(anonymous_7)","decl":{"start":{"line":62,"column":6},"end":{"line":62,"column":7}},"loc":{"start":{"line":62,"column":12},"end":{"line":62,"column":55}},"line":62},"8":{"name":"(anonymous_8)","decl":{"start":{"line":65,"column":14},"end":{"line":65,"column":15}},"loc":{"start":{"line":65,"column":23},"end":{"line":65,"column":60}},"line":65},"9":{"name":"(anonymous_9)","decl":{"start":{"line":68,"column":2},"end":{"line":68,"column":3}},"loc":{"start":{"line":68,"column":11},"end":{"line":96,"column":3}},"line":68},"10":{"name":"(anonymous_10)","decl":{"start":{"line":74,"column":27},"end":{"line":74,"column":28}},"loc":{"start":{"line":74,"column":44},"end":{"line":74,"column":60}},"line":74},"11":{"name":"(anonymous_11)","decl":{"start":{"line":75,"column":22},"end":{"line":75,"column":23}},"loc":{"start":{"line":76,"column":12},"end":{"line":84,"column":19}},"line":76},"12":{"name":"(anonymous_12)","decl":{"start":{"line":81,"column":43},"end":{"line":81,"column":44}},"loc":{"start":{"line":81,"column":49},"end":{"line":81,"column":71}},"line":81},"13":{"name":"(anonymous_13)","decl":{"start":{"line":89,"column":24},"end":{"line":89,"column":25}},"loc":{"start":{"line":89,"column":34},"end":{"line":89,"column":63}},"line":89},"14":{"name":"(anonymous_14)","decl":{"start":{"line":90,"column":27},"end":{"line":90,"column":28}},"loc":{"start":{"line":90,"column":33},"end":{"line":90,"column":62}},"line":90},"15":{"name":"(anonymous_15)","decl":{"start":{"line":102,"column":36},"end":{"line":102,"column":37}},"loc":{"start":{"line":102,"column":50},"end":{"line":102,"column":72}},"line":102},"16":{"name":"(anonymous_16)","decl":{"start":{"line":106,"column":21},"end":{"line":106,"column":22}},"loc":{"start":{"line":106,"column":29},"end":{"line":106,"column":38}},"line":106},"17":{"name":"(anonymous_17)","decl":{"start":{"line":109,"column":41},"end":{"line":109,"column":42}},"loc":{"start":{"line":110,"column":6},"end":{"line":110,"column":50}},"line":110}},"branchMap":{"0":{"loc":{"start":{"line":32,"column":4},"end":{"line":39,"column":5}},"type":"if","locations":[{"start":{"line":32,"column":4},"end":{"line":39,"column":5}},{"start":{"line":32,"column":4},"end":{"line":39,"column":5}}],"line":32},"1":{"loc":{"start":{"line":56,"column":6},"end":{"line":56,"column":56}},"type":"cond-expr","locations":[{"start":{"line":56,"column":18},"end":{"line":56,"column":35}},{"start":{"line":56,"column":38},"end":{"line":56,"column":56}}],"line":56},"2":{"loc":{"start":{"line":61,"column":6},"end":{"line":61,"column":56}},"type":"cond-expr","locations":[{"start":{"line":61,"column":18},"end":{"line":61,"column":35}},{"start":{"line":61,"column":38},"end":{"line":61,"column":56}}],"line":61},"3":{"loc":{"start":{"line":65,"column":46},"end":{"line":65,"column":57}},"type":"binary-expr","locations":[{"start":{"line":65,"column":46},"end":{"line":65,"column":51}},{"start":{"line":65,"column":55},"end":{"line":65,"column":57}}],"line":65},"4":{"loc":{"start":{"line":102,"column":6},"end":{"line":102,"column":79}},"type":"cond-expr","locations":[{"start":{"line":102,"column":14},"end":{"line":102,"column":74}},{"start":{"line":102,"column":77},"end":{"line":102,"column":79}}],"line":102},"5":{"loc":{"start":{"line":149,"column":17},"end":{"line":149,"column":34}},"type":"cond-expr","locations":[{"start":{"line":149,"column":29},"end":{"line":149,"column":30}},{"start":{"line":149,"column":33},"end":{"line":149,"column":34}}],"line":149}},"s":{"0":2,"1":2,"2":2,"3":2,"4":2,"5":1,"6":1,"7":1,"8":1,"9":1,"10":4,"11":0,"12":4,"13":0,"14":4,"15":0,"16":7,"17":2,"18":0,"19":0,"20":0,"21":0,"22":2,"23":0,"24":0,"25":3,"26":2,"27":4,"28":0,"29":3,"30":2},"f":{"0":2,"1":2,"2":1,"3":1,"4":1,"5":4,"6":0,"7":0,"8":0,"9":7,"10":2,"11":0,"12":0,"13":0,"14":0,"15":0,"16":2,"17":0},"b":{"0":[2,0],"1":[0,4],"2":[0,4],"3":[0,0],"4":[0,0],"5":[0,2]},"_coverageSchema":"332fd63041d2c1bcb487cc26dd0d5f7d97098a6c","hash":"bc773ba5e90a8c1a917787d7b4d85e8f34a2207a"}
}
