{"/Users/bruker/Documents/Skole/NTNU/3.KlasseHøst/Webutvikling/it2810-webutvikling-h18-prosjekt-3-31/App.js": {"path":"/Users/bruker/Documents/Skole/NTNU/3.KlasseHøst/Webutvikling/it2810-webutvikling-h18-prosjekt-3-31/App.js","statementMap":{"0":{"start":{"line":12,"column":4},"end":{"line":27,"column":5}},"1":{"start":{"line":13,"column":6},"end":{"line":19,"column":8}},"2":{"start":{"line":21,"column":6},"end":{"line":26,"column":8}},"3":{"start":{"line":31,"column":4},"end":{"line":43,"column":7}},"4":{"start":{"line":49,"column":4},"end":{"line":49,"column":24}},"5":{"start":{"line":53,"column":4},"end":{"line":53,"column":47}},"6":{"start":{"line":57,"column":15},"end":{"line":62,"column":2}}},"fnMap":{"0":{"name":"(anonymous_0)","decl":{"start":{"line":11,"column":2},"end":{"line":11,"column":3}},"loc":{"start":{"line":11,"column":11},"end":{"line":28,"column":3}},"line":11},"1":{"name":"(anonymous_1)","decl":{"start":{"line":30,"column":24},"end":{"line":30,"column":25}},"loc":{"start":{"line":30,"column":36},"end":{"line":44,"column":3}},"line":30},"2":{"name":"(anonymous_2)","decl":{"start":{"line":46,"column":24},"end":{"line":46,"column":25}},"loc":{"start":{"line":46,"column":33},"end":{"line":50,"column":3}},"line":46},"3":{"name":"(anonymous_3)","decl":{"start":{"line":52,"column":25},"end":{"line":52,"column":26}},"loc":{"start":{"line":52,"column":31},"end":{"line":54,"column":3}},"line":52}},"branchMap":{"0":{"loc":{"start":{"line":12,"column":4},"end":{"line":27,"column":5}},"type":"if","locations":[{"start":{"line":12,"column":4},"end":{"line":27,"column":5}},{"start":{"line":12,"column":4},"end":{"line":27,"column":5}}],"line":12},"1":{"loc":{"start":{"line":12,"column":8},"end":{"line":12,"column":70}},"type":"binary-expr","locations":[{"start":{"line":12,"column":8},"end":{"line":12,"column":37}},{"start":{"line":12,"column":41},"end":{"line":12,"column":70}}],"line":12},"2":{"loc":{"start":{"line":23,"column":11},"end":{"line":23,"column":68}},"type":"binary-expr","locations":[{"start":{"line":23,"column":11},"end":{"line":23,"column":32}},{"start":{"line":23,"column":36},"end":{"line":23,"column":68}}],"line":23}},"s":{"0":3,"1":1,"2":2,"3":1,"4":0,"5":1,"6":1},"f":{"0":3,"1":1,"2":0,"3":1},"b":{"0":[1,2],"1":[3,2],"2":[2,2]},"_coverageSchema":"332fd63041d2c1bcb487cc26dd0d5f7d97098a6c","hash":"5ca49b1ac8e32f7e33e49432987a1a4026f36cd3"}
,"/Users/bruker/Documents/Skole/NTNU/3.KlasseHøst/Webutvikling/it2810-webutvikling-h18-prosjekt-3-31/assets/fonts/SpaceMono-Regular.ttf": {"path":"/Users/bruker/Documents/Skole/NTNU/3.KlasseHøst/Webutvikling/it2810-webutvikling-h18-prosjekt-3-31/assets/fonts/SpaceMono-Regular.ttf","statementMap":{"0":{"start":{"line":1,"column":0},"end":{"line":1,"column":19}}},"fnMap":{},"branchMap":{},"s":{"0":1},"f":{},"b":{},"_coverageSchema":"332fd63041d2c1bcb487cc26dd0d5f7d97098a6c","hash":"c83ec5675aa836e5b5fb1fe6ad8edfaf087ff39a"}
,"/Users/bruker/Documents/Skole/NTNU/3.KlasseHøst/Webutvikling/it2810-webutvikling-h18-prosjekt-3-31/components/StyledText.js": {"path":"/Users/bruker/Documents/Skole/NTNU/3.KlasseHøst/Webutvikling/it2810-webutvikling-h18-prosjekt-3-31/components/StyledText.js","statementMap":{"0":{"start":{"line":6,"column":4},"end":{"line":6,"column":93}}},"fnMap":{"0":{"name":"(anonymous_0)","decl":{"start":{"line":5,"column":2},"end":{"line":5,"column":3}},"loc":{"start":{"line":5,"column":11},"end":{"line":7,"column":3}},"line":5}},"branchMap":{},"s":{"0":1},"f":{"0":1},"b":{},"_coverageSchema":"332fd63041d2c1bcb487cc26dd0d5f7d97098a6c","hash":"696d9baa5514d9a1d4a213822cc170295c69bba6"}
,"/Users/bruker/Documents/Skole/NTNU/3.KlasseHøst/Webutvikling/it2810-webutvikling-h18-prosjekt-3-31/components/TabBarIcon.js": {"path":"/Users/bruker/Documents/Skole/NTNU/3.KlasseHøst/Webutvikling/it2810-webutvikling-h18-prosjekt-3-31/components/TabBarIcon.js","statementMap":{"0":{"start":{"line":8,"column":4},"end":{"line":15,"column":6}}},"fnMap":{"0":{"name":"(anonymous_0)","decl":{"start":{"line":7,"column":2},"end":{"line":7,"column":3}},"loc":{"start":{"line":7,"column":11},"end":{"line":16,"column":3}},"line":7}},"branchMap":{"0":{"loc":{"start":{"line":13,"column":15},"end":{"line":13,"column":82}},"type":"cond-expr","locations":[{"start":{"line":13,"column":36},"end":{"line":13,"column":58}},{"start":{"line":13,"column":61},"end":{"line":13,"column":82}}],"line":13}},"s":{"0":12},"f":{"0":12},"b":{"0":[6,6]},"_coverageSchema":"332fd63041d2c1bcb487cc26dd0d5f7d97098a6c","hash":"25e22afbaf084f7535ce1ae52f76392ed8642790"}
,"/Users/bruker/Documents/Skole/NTNU/3.KlasseHøst/Webutvikling/it2810-webutvikling-h18-prosjekt-3-31/constants/Colors.js": {"path":"/Users/bruker/Documents/Skole/NTNU/3.KlasseHøst/Webutvikling/it2810-webutvikling-h18-prosjekt-3-31/constants/Colors.js","statementMap":{"0":{"start":{"line":1,"column":18},"end":{"line":1,"column":27}}},"fnMap":{},"branchMap":{},"s":{"0":1},"f":{},"b":{},"_coverageSchema":"332fd63041d2c1bcb487cc26dd0d5f7d97098a6c","hash":"98a3b1313d75f751edaf6edd53a7a2dc0f3a9d0c"}
,"/Users/bruker/Documents/Skole/NTNU/3.KlasseHøst/Webutvikling/it2810-webutvikling-h18-prosjekt-3-31/navigation/AppNavigator.js": {"path":"/Users/bruker/Documents/Skole/NTNU/3.KlasseHøst/Webutvikling/it2810-webutvikling-h18-prosjekt-3-31/navigation/AppNavigator.js","statementMap":{},"fnMap":{},"branchMap":{},"s":{},"f":{},"b":{},"_coverageSchema":"332fd63041d2c1bcb487cc26dd0d5f7d97098a6c","hash":"3711ece87a27cc781afca79b4ef0e0f2087b6c14"}
,"/Users/bruker/Documents/Skole/NTNU/3.KlasseHøst/Webutvikling/it2810-webutvikling-h18-prosjekt-3-31/navigation/MainTabNavigator.js": {"path":"/Users/bruker/Documents/Skole/NTNU/3.KlasseHøst/Webutvikling/it2810-webutvikling-h18-prosjekt-3-31/navigation/MainTabNavigator.js","statementMap":{"0":{"start":{"line":11,"column":22},"end":{"line":19,"column":1}},"1":{"start":{"line":21,"column":0},"end":{"line":33,"column":2}},"2":{"start":{"line":25,"column":4},"end":{"line":31,"column":6}},"3":{"start":{"line":35,"column":17},"end":{"line":37,"column":2}},"4":{"start":{"line":39,"column":0},"end":{"line":47,"column":6}},"5":{"start":{"line":42,"column":4},"end":{"line":45,"column":8}},"6":{"start":{"line":49,"column":18},"end":{"line":51,"column":2}},"7":{"start":{"line":53,"column":0},"end":{"line":65,"column":2}},"8":{"start":{"line":56,"column":4},"end":{"line":63,"column":6}}},"fnMap":{"0":{"name":"(anonymous_0)","decl":{"start":{"line":24,"column":14},"end":{"line":24,"column":15}},"loc":{"start":{"line":25,"column":4},"end":{"line":31,"column":6}},"line":25},"1":{"name":"(anonymous_1)","decl":{"start":{"line":41,"column":14},"end":{"line":41,"column":15}},"loc":{"start":{"line":42,"column":4},"end":{"line":45,"column":8}},"line":42},"2":{"name":"(anonymous_2)","decl":{"start":{"line":55,"column":14},"end":{"line":55,"column":15}},"loc":{"start":{"line":56,"column":4},"end":{"line":63,"column":6}},"line":56}},"branchMap":{"0":{"loc":{"start":{"line":28,"column":8},"end":{"line":30,"column":27}},"type":"cond-expr","locations":[{"start":{"line":29,"column":12},"end":{"line":29,"column":54}},{"start":{"line":30,"column":13},"end":{"line":30,"column":27}}],"line":28},"1":{"loc":{"start":{"line":29,"column":27},"end":{"line":29,"column":52}},"type":"cond-expr","locations":[{"start":{"line":29,"column":37},"end":{"line":29,"column":39}},{"start":{"line":29,"column":42},"end":{"line":29,"column":52}}],"line":29},"2":{"loc":{"start":{"line":44,"column":12},"end":{"line":44,"column":84}},"type":"cond-expr","locations":[{"start":{"line":44,"column":36},"end":{"line":44,"column":73}},{"start":{"line":44,"column":76},"end":{"line":44,"column":84}}],"line":44},"3":{"loc":{"start":{"line":44,"column":46},"end":{"line":44,"column":71}},"type":"cond-expr","locations":[{"start":{"line":44,"column":56},"end":{"line":44,"column":58}},{"start":{"line":44,"column":61},"end":{"line":44,"column":71}}],"line":44},"4":{"loc":{"start":{"line":59,"column":8},"end":{"line":61,"column":22}},"type":"cond-expr","locations":[{"start":{"line":60,"column":12},"end":{"line":60,"column":50}},{"start":{"line":61,"column":12},"end":{"line":61,"column":22}}],"line":59},"5":{"loc":{"start":{"line":60,"column":23},"end":{"line":60,"column":48}},"type":"cond-expr","locations":[{"start":{"line":60,"column":33},"end":{"line":60,"column":35}},{"start":{"line":60,"column":38},"end":{"line":60,"column":48}}],"line":60}},"s":{"0":1,"1":1,"2":4,"3":1,"4":1,"5":4,"6":1,"7":1,"8":4},"f":{"0":4,"1":4,"2":4},"b":{"0":[4,0],"1":[2,2],"2":[4,0],"3":[2,2],"4":[4,0],"5":[2,2]},"_coverageSchema":"332fd63041d2c1bcb487cc26dd0d5f7d97098a6c","hash":"eef2b3d6d99b817f03cd17550135f16a72c5567a"}
,"/Users/bruker/Documents/Skole/NTNU/3.KlasseHøst/Webutvikling/it2810-webutvikling-h18-prosjekt-3-31/screens/CalendarsScreen.js": {"path":"/Users/bruker/Documents/Skole/NTNU/3.KlasseHøst/Webutvikling/it2810-webutvikling-h18-prosjekt-3-31/screens/CalendarsScreen.js","statementMap":{"0":{"start":{"line":14,"column":18},"end":{"line":14,"column":42}},"1":{"start":{"line":18,"column":4},"end":{"line":18,"column":17}},"2":{"start":{"line":19,"column":4},"end":{"line":19,"column":48}},"3":{"start":{"line":20,"column":4},"end":{"line":20,"column":28}},"4":{"start":{"line":21,"column":4},"end":{"line":21,"column":25}},"5":{"start":{"line":28,"column":4},"end":{"line":28,"column":19}},"6":{"start":{"line":33,"column":4},"end":{"line":40,"column":5}},"7":{"start":{"line":34,"column":6},"end":{"line":39,"column":7}},"8":{"start":{"line":35,"column":29},"end":{"line":35,"column":108}},"9":{"start":{"line":36,"column":8},"end":{"line":36,"column":35}},"10":{"start":{"line":37,"column":8},"end":{"line":37,"column":36}},"11":{"start":{"line":38,"column":8},"end":{"line":38,"column":68}},"12":{"start":{"line":46,"column":4},"end":{"line":64,"column":5}},"13":{"start":{"line":47,"column":35},"end":{"line":47,"column":77}},"14":{"start":{"line":48,"column":25},"end":{"line":48,"column":57}},"15":{"start":{"line":49,"column":6},"end":{"line":49,"column":32}},"16":{"start":{"line":50,"column":6},"end":{"line":60,"column":7}},"17":{"start":{"line":51,"column":8},"end":{"line":51,"column":42}},"18":{"start":{"line":52,"column":8},"end":{"line":52,"column":15}},"19":{"start":{"line":56,"column":8},"end":{"line":58,"column":9}},"20":{"start":{"line":57,"column":10},"end":{"line":57,"column":40}},"21":{"start":{"line":59,"column":8},"end":{"line":59,"column":42}},"22":{"start":{"line":62,"column":6},"end":{"line":62,"column":51}},"23":{"start":{"line":63,"column":6},"end":{"line":63,"column":40}},"24":{"start":{"line":70,"column":33},"end":{"line":70,"column":75}},"25":{"start":{"line":71,"column":25},"end":{"line":71,"column":57}},"26":{"start":{"line":73,"column":4},"end":{"line":75,"column":5}},"27":{"start":{"line":74,"column":6},"end":{"line":74,"column":25}},"28":{"start":{"line":77,"column":4},"end":{"line":87,"column":7}},"29":{"start":{"line":78,"column":6},"end":{"line":78,"column":38}},"30":{"start":{"line":80,"column":6},"end":{"line":86,"column":8}},"31":{"start":{"line":82,"column":6},"end":{"line":82,"column":46}},"32":{"start":{"line":85,"column":6},"end":{"line":85,"column":45}},"33":{"start":{"line":106,"column":4},"end":{"line":106,"column":22}},"34":{"start":{"line":107,"column":4},"end":{"line":107,"column":22}},"35":{"start":{"line":108,"column":17},"end":{"line":108,"column":52}},"36":{"start":{"line":109,"column":20},"end":{"line":109,"column":55}},"37":{"start":{"line":110,"column":20},"end":{"line":110,"column":55}},"38":{"start":{"line":111,"column":25},"end":{"line":111,"column":60}},"39":{"start":{"line":112,"column":17},"end":{"line":112,"column":50}},"40":{"start":{"line":113,"column":16},"end":{"line":113,"column":50}},"41":{"start":{"line":114,"column":18},"end":{"line":114,"column":51}},"42":{"start":{"line":115,"column":25},"end":{"line":121,"column":21}},"43":{"start":{"line":122,"column":4},"end":{"line":122,"column":30}},"44":{"start":{"line":123,"column":4},"end":{"line":123,"column":24}},"45":{"start":{"line":131,"column":4},"end":{"line":137,"column":5}},"46":{"start":{"line":132,"column":27},"end":{"line":132,"column":84}},"47":{"start":{"line":133,"column":6},"end":{"line":133,"column":26}},"48":{"start":{"line":136,"column":6},"end":{"line":136,"column":19}},"49":{"start":{"line":153,"column":17},"end":{"line":153,"column":52}},"50":{"start":{"line":154,"column":20},"end":{"line":154,"column":43}},"51":{"start":{"line":155,"column":4},"end":{"line":177,"column":7}},"52":{"start":{"line":156,"column":6},"end":{"line":156,"column":37}},"53":{"start":{"line":157,"column":6},"end":{"line":160,"column":9}},"54":{"start":{"line":161,"column":23},"end":{"line":161,"column":25}},"55":{"start":{"line":162,"column":6},"end":{"line":162,"column":93}},"56":{"start":{"line":162,"column":52},"end":{"line":162,"column":90}},"57":{"start":{"line":163,"column":6},"end":{"line":165,"column":9}},"58":{"start":{"line":168,"column":6},"end":{"line":171,"column":11}},"59":{"start":{"line":172,"column":25},"end":{"line":172,"column":27}},"60":{"start":{"line":173,"column":8},"end":{"line":173,"column":95}},"61":{"start":{"line":173,"column":54},"end":{"line":173,"column":92}},"62":{"start":{"line":174,"column":8},"end":{"line":176,"column":11}},"63":{"start":{"line":182,"column":4},"end":{"line":196,"column":13}},"64":{"start":{"line":183,"column":6},"end":{"line":189,"column":7}},"65":{"start":{"line":184,"column":21},"end":{"line":184,"column":60}},"66":{"start":{"line":185,"column":24},"end":{"line":185,"column":47}},"67":{"start":{"line":186,"column":8},"end":{"line":188,"column":9}},"68":{"start":{"line":187,"column":10},"end":{"line":187,"column":41}},"69":{"start":{"line":191,"column":23},"end":{"line":191,"column":25}},"70":{"start":{"line":192,"column":6},"end":{"line":192,"column":93}},"71":{"start":{"line":192,"column":52},"end":{"line":192,"column":90}},"72":{"start":{"line":193,"column":6},"end":{"line":195,"column":9}},"73":{"start":{"line":202,"column":4},"end":{"line":204,"column":7}},"74":{"start":{"line":209,"column":4},"end":{"line":211,"column":6}},"75":{"start":{"line":216,"column":4},"end":{"line":218,"column":6}},"76":{"start":{"line":222,"column":4},"end":{"line":222,"column":31}},"77":{"start":{"line":227,"column":17},"end":{"line":227,"column":31}},"78":{"start":{"line":228,"column":4},"end":{"line":228,"column":44}},"79":{"start":{"line":233,"column":23},"end":{"line":233,"column":108}},"80":{"start":{"line":234,"column":4},"end":{"line":234,"column":24}},"81":{"start":{"line":238,"column":4},"end":{"line":258,"column":6}},"82":{"start":{"line":255,"column":23},"end":{"line":255,"column":61}},"83":{"start":{"line":263,"column":15},"end":{"line":286,"column":2}}},"fnMap":{"0":{"name":"(anonymous_0)","decl":{"start":{"line":17,"column":2},"end":{"line":17,"column":3}},"loc":{"start":{"line":17,"column":21},"end":{"line":22,"column":3}},"line":17},"1":{"name":"(anonymous_1)","decl":{"start":{"line":27,"column":2},"end":{"line":27,"column":3}},"loc":{"start":{"line":27,"column":22},"end":{"line":29,"column":3}},"line":27},"2":{"name":"(anonymous_2)","decl":{"start":{"line":32,"column":2},"end":{"line":32,"column":3}},"loc":{"start":{"line":32,"column":22},"end":{"line":42,"column":3}},"line":32},"3":{"name":"(anonymous_3)","decl":{"start":{"line":45,"column":2},"end":{"line":45,"column":3}},"loc":{"start":{"line":45,"column":18},"end":{"line":65,"column":3}},"line":45},"4":{"name":"(anonymous_4)","decl":{"start":{"line":68,"column":2},"end":{"line":68,"column":3}},"loc":{"start":{"line":68,"column":29},"end":{"line":88,"column":3}},"line":68},"5":{"name":"(anonymous_5)","decl":{"start":{"line":81,"column":15},"end":{"line":81,"column":16}},"loc":{"start":{"line":81,"column":19},"end":{"line":83,"column":7}},"line":81},"6":{"name":"(anonymous_6)","decl":{"start":{"line":84,"column":16},"end":{"line":84,"column":17}},"loc":{"start":{"line":84,"column":20},"end":{"line":86,"column":7}},"line":84},"7":{"name":"(anonymous_7)","decl":{"start":{"line":105,"column":2},"end":{"line":105,"column":3}},"loc":{"start":{"line":105,"column":42},"end":{"line":126,"column":3}},"line":105},"8":{"name":"(anonymous_8)","decl":{"start":{"line":130,"column":2},"end":{"line":130,"column":3}},"loc":{"start":{"line":130,"column":31},"end":{"line":138,"column":3}},"line":130},"9":{"name":"(anonymous_9)","decl":{"start":{"line":152,"column":2},"end":{"line":152,"column":3}},"loc":{"start":{"line":152,"column":15},"end":{"line":178,"column":5}},"line":152},"10":{"name":"(anonymous_10)","decl":{"start":{"line":162,"column":44},"end":{"line":162,"column":45}},"loc":{"start":{"line":162,"column":51},"end":{"line":162,"column":91}},"line":162},"11":{"name":"(anonymous_11)","decl":{"start":{"line":173,"column":46},"end":{"line":173,"column":47}},"loc":{"start":{"line":173,"column":53},"end":{"line":173,"column":93}},"line":173},"12":{"name":"(anonymous_12)","decl":{"start":{"line":181,"column":2},"end":{"line":181,"column":3}},"loc":{"start":{"line":181,"column":17},"end":{"line":198,"column":3}},"line":181},"13":{"name":"(anonymous_13)","decl":{"start":{"line":182,"column":15},"end":{"line":182,"column":16}},"loc":{"start":{"line":182,"column":21},"end":{"line":196,"column":5}},"line":182},"14":{"name":"(anonymous_14)","decl":{"start":{"line":192,"column":44},"end":{"line":192,"column":45}},"loc":{"start":{"line":192,"column":51},"end":{"line":192,"column":91}},"line":192},"15":{"name":"(anonymous_15)","decl":{"start":{"line":201,"column":2},"end":{"line":201,"column":3}},"loc":{"start":{"line":201,"column":18},"end":{"line":205,"column":3}},"line":201},"16":{"name":"(anonymous_16)","decl":{"start":{"line":208,"column":2},"end":{"line":208,"column":3}},"loc":{"start":{"line":208,"column":19},"end":{"line":212,"column":3}},"line":208},"17":{"name":"(anonymous_17)","decl":{"start":{"line":215,"column":2},"end":{"line":215,"column":3}},"loc":{"start":{"line":215,"column":23},"end":{"line":219,"column":3}},"line":215},"18":{"name":"(anonymous_18)","decl":{"start":{"line":221,"column":2},"end":{"line":221,"column":3}},"loc":{"start":{"line":221,"column":24},"end":{"line":223,"column":3}},"line":221},"19":{"name":"(anonymous_19)","decl":{"start":{"line":226,"column":2},"end":{"line":226,"column":3}},"loc":{"start":{"line":226,"column":21},"end":{"line":229,"column":3}},"line":226},"20":{"name":"(anonymous_20)","decl":{"start":{"line":232,"column":2},"end":{"line":232,"column":3}},"loc":{"start":{"line":232,"column":71},"end":{"line":235,"column":3}},"line":232},"21":{"name":"(anonymous_21)","decl":{"start":{"line":237,"column":2},"end":{"line":237,"column":3}},"loc":{"start":{"line":237,"column":11},"end":{"line":259,"column":3}},"line":237},"22":{"name":"(anonymous_22)","decl":{"start":{"line":255,"column":17},"end":{"line":255,"column":18}},"loc":{"start":{"line":255,"column":23},"end":{"line":255,"column":61}},"line":255}},"branchMap":{"0":{"loc":{"start":{"line":33,"column":4},"end":{"line":40,"column":5}},"type":"if","locations":[{"start":{"line":33,"column":4},"end":{"line":40,"column":5}},{"start":{"line":33,"column":4},"end":{"line":40,"column":5}}],"line":33},"1":{"loc":{"start":{"line":34,"column":6},"end":{"line":39,"column":7}},"type":"if","locations":[{"start":{"line":34,"column":6},"end":{"line":39,"column":7}},{"start":{"line":34,"column":6},"end":{"line":39,"column":7}}],"line":34},"2":{"loc":{"start":{"line":50,"column":6},"end":{"line":60,"column":7}},"type":"if","locations":[{"start":{"line":50,"column":6},"end":{"line":60,"column":7}},{"start":{"line":50,"column":6},"end":{"line":60,"column":7}}],"line":50},"3":{"loc":{"start":{"line":50,"column":10},"end":{"line":50,"column":73}},"type":"binary-expr","locations":[{"start":{"line":50,"column":10},"end":{"line":50,"column":23}},{"start":{"line":50,"column":27},"end":{"line":50,"column":47}},{"start":{"line":50,"column":51},"end":{"line":50,"column":73}}],"line":50},"4":{"loc":{"start":{"line":73,"column":4},"end":{"line":75,"column":5}},"type":"if","locations":[{"start":{"line":73,"column":4},"end":{"line":75,"column":5}},{"start":{"line":73,"column":4},"end":{"line":75,"column":5}}],"line":73},"5":{"loc":{"start":{"line":73,"column":8},"end":{"line":73,"column":77}},"type":"binary-expr","locations":[{"start":{"line":73,"column":8},"end":{"line":73,"column":23}},{"start":{"line":73,"column":27},"end":{"line":73,"column":49}},{"start":{"line":73,"column":53},"end":{"line":73,"column":77}}],"line":73},"6":{"loc":{"start":{"line":77,"column":4},"end":{"line":87,"column":7}},"type":"if","locations":[{"start":{"line":77,"column":4},"end":{"line":87,"column":7}},{"start":{"line":77,"column":4},"end":{"line":87,"column":7}}],"line":77},"7":{"loc":{"start":{"line":131,"column":4},"end":{"line":137,"column":5}},"type":"if","locations":[{"start":{"line":131,"column":4},"end":{"line":137,"column":5}},{"start":{"line":131,"column":4},"end":{"line":137,"column":5}}],"line":131},"8":{"loc":{"start":{"line":131,"column":8},"end":{"line":131,"column":44}},"type":"binary-expr","locations":[{"start":{"line":131,"column":8},"end":{"line":131,"column":24}},{"start":{"line":131,"column":28},"end":{"line":131,"column":44}}],"line":131},"9":{"loc":{"start":{"line":155,"column":4},"end":{"line":177,"column":7}},"type":"if","locations":[{"start":{"line":155,"column":4},"end":{"line":177,"column":7}},{"start":{"line":155,"column":4},"end":{"line":177,"column":7}}],"line":155},"10":{"loc":{"start":{"line":186,"column":8},"end":{"line":188,"column":9}},"type":"if","locations":[{"start":{"line":186,"column":8},"end":{"line":188,"column":9}},{"start":{"line":186,"column":8},"end":{"line":188,"column":9}}],"line":186},"11":{"loc":{"start":{"line":267,"column":12},"end":{"line":267,"column":33}},"type":"cond-expr","locations":[{"start":{"line":267,"column":24},"end":{"line":267,"column":27}},{"start":{"line":267,"column":30},"end":{"line":267,"column":33}}],"line":267},"12":{"loc":{"start":{"line":271,"column":12},"end":{"line":271,"column":33}},"type":"cond-expr","locations":[{"start":{"line":271,"column":24},"end":{"line":271,"column":27}},{"start":{"line":271,"column":30},"end":{"line":271,"column":33}}],"line":271}},"s":{"0":2,"1":10,"2":10,"3":10,"4":10,"5":10,"6":6,"7":2,"8":0,"9":0,"10":0,"11":0,"12":10,"13":10,"14":2,"15":2,"16":2,"17":2,"18":2,"19":0,"20":0,"21":0,"22":0,"23":0,"24":0,"25":0,"26":0,"27":0,"28":0,"29":0,"30":0,"31":0,"32":0,"33":1,"34":1,"35":1,"36":1,"37":1,"38":1,"39":1,"40":1,"41":1,"42":1,"43":1,"44":1,"45":1,"46":0,"47":0,"48":1,"49":3,"50":3,"51":3,"52":3,"53":3,"54":3,"55":3,"56":3,"57":3,"58":0,"59":0,"60":0,"61":0,"62":0,"63":0,"64":0,"65":0,"66":0,"67":0,"68":0,"69":0,"70":0,"71":0,"72":0,"73":1,"74":1,"75":1,"76":0,"77":5,"78":5,"79":2,"80":2,"81":16,"82":0,"83":2},"f":{"0":10,"1":10,"2":6,"3":10,"4":0,"5":0,"6":0,"7":1,"8":1,"9":3,"10":3,"11":0,"12":0,"13":0,"14":0,"15":1,"16":1,"17":1,"18":0,"19":5,"20":2,"21":16,"22":0},"b":{"0":[2,4],"1":[0,2],"2":[2,0],"3":[2,0,0],"4":[0,0],"5":[0,0,0],"6":[0,0],"7":[0,1],"8":[1,0],"9":[3,0],"10":[0,0],"11":[0,2],"12":[0,2]},"_coverageSchema":"332fd63041d2c1bcb487cc26dd0d5f7d97098a6c","hash":"d84cf96c93b0f82803b1015cfecad92e9b6f5326"}
,"/Users/bruker/Documents/Skole/NTNU/3.KlasseHøst/Webutvikling/it2810-webutvikling-h18-prosjekt-3-31/screens/FormScreen.js": {"path":"/Users/bruker/Documents/Skole/NTNU/3.KlasseHøst/Webutvikling/it2810-webutvikling-h18-prosjekt-3-31/screens/FormScreen.js","statementMap":{"0":{"start":{"line":7,"column":15},"end":{"line":26,"column":3}},"1":{"start":{"line":30,"column":8},"end":{"line":30,"column":21}},"2":{"start":{"line":31,"column":8},"end":{"line":31,"column":37}},"3":{"start":{"line":39,"column":6},"end":{"line":42,"column":9}},"4":{"start":{"line":43,"column":6},"end":{"line":43,"column":40}},"5":{"start":{"line":49,"column":25},"end":{"line":49,"column":52}},"6":{"start":{"line":51,"column":6},"end":{"line":51,"column":24}},"7":{"start":{"line":55,"column":6},"end":{"line":61,"column":9}},"8":{"start":{"line":56,"column":10},"end":{"line":60,"column":12}},"9":{"start":{"line":62,"column":8},"end":{"line":81,"column":10}},"10":{"start":{"line":67,"column":18},"end":{"line":67,"column":38}},"11":{"start":{"line":73,"column":41},"end":{"line":75,"column":14}},"12":{"start":{"line":84,"column":17},"end":{"line":93,"column":4}},"13":{"start":{"line":95,"column":2},"end":{"line":95,"column":64}},"14":{"start":{"line":95,"column":52},"end":{"line":95,"column":62}}},"fnMap":{"0":{"name":"(anonymous_0)","decl":{"start":{"line":29,"column":4},"end":{"line":29,"column":5}},"loc":{"start":{"line":29,"column":23},"end":{"line":33,"column":7}},"line":29},"1":{"name":"(anonymous_1)","decl":{"start":{"line":38,"column":4},"end":{"line":38,"column":5}},"loc":{"start":{"line":38,"column":31},"end":{"line":44,"column":5}},"line":38},"2":{"name":"(anonymous_2)","decl":{"start":{"line":48,"column":4},"end":{"line":48,"column":5}},"loc":{"start":{"line":48,"column":21},"end":{"line":52,"column":5}},"line":48},"3":{"name":"(anonymous_3)","decl":{"start":{"line":54,"column":4},"end":{"line":54,"column":5}},"loc":{"start":{"line":54,"column":13},"end":{"line":82,"column":7}},"line":54},"4":{"name":"(anonymous_4)","decl":{"start":{"line":66,"column":21},"end":{"line":66,"column":22}},"loc":{"start":{"line":66,"column":28},"end":{"line":68,"column":17}},"line":66},"5":{"name":"(anonymous_5)","decl":{"start":{"line":73,"column":35},"end":{"line":73,"column":36}},"loc":{"start":{"line":73,"column":41},"end":{"line":75,"column":14}},"line":73},"6":{"name":"(anonymous_6)","decl":{"start":{"line":95,"column":46},"end":{"line":95,"column":47}},"loc":{"start":{"line":95,"column":52},"end":{"line":95,"column":62}},"line":95}},"branchMap":{"0":{"loc":{"start":{"line":55,"column":6},"end":{"line":61,"column":9}},"type":"if","locations":[{"start":{"line":55,"column":6},"end":{"line":61,"column":9}},{"start":{"line":55,"column":6},"end":{"line":61,"column":9}}],"line":55}},"s":{"0":2,"1":1,"2":1,"3":1,"4":0,"5":0,"6":0,"7":1,"8":1,"9":0,"10":0,"11":0,"12":2,"13":2,"14":0},"f":{"0":1,"1":1,"2":0,"3":1,"4":0,"5":0,"6":0},"b":{"0":[1,0]},"_coverageSchema":"332fd63041d2c1bcb487cc26dd0d5f7d97098a6c","hash":"bf14625615b5d6dc7a7f1c738def3680a6895a7f"}
,"/Users/bruker/Documents/Skole/NTNU/3.KlasseHøst/Webutvikling/it2810-webutvikling-h18-prosjekt-3-31/screens/MapScreen.js": {"path":"/Users/bruker/Documents/Skole/NTNU/3.KlasseHøst/Webutvikling/it2810-webutvikling-h18-prosjekt-3-31/screens/MapScreen.js","statementMap":{"0":{"start":{"line":5,"column":17},"end":{"line":5,"column":26}},"1":{"start":{"line":6,"column":18},"end":{"line":6,"column":27}},"2":{"start":{"line":7,"column":23},"end":{"line":7,"column":29}},"3":{"start":{"line":8,"column":24},"end":{"line":8,"column":30}},"4":{"start":{"line":14,"column":4},"end":{"line":14,"column":17}},"5":{"start":{"line":15,"column":4},"end":{"line":22,"column":6}},"6":{"start":{"line":31,"column":4},"end":{"line":31,"column":29}},"7":{"start":{"line":38,"column":4},"end":{"line":38,"column":36}},"8":{"start":{"line":43,"column":4},"end":{"line":51,"column":5}},"9":{"start":{"line":44,"column":6},"end":{"line":49,"column":7}},"10":{"start":{"line":45,"column":8},"end":{"line":48,"column":10}},"11":{"start":{"line":56,"column":21},"end":{"line":56,"column":69}},"12":{"start":{"line":57,"column":4},"end":{"line":59,"column":66}},"13":{"start":{"line":58,"column":6},"end":{"line":58,"column":84}},"14":{"start":{"line":59,"column":13},"end":{"line":59,"column":61}},"15":{"start":{"line":61,"column":19},"end":{"line":61,"column":61}},"16":{"start":{"line":62,"column":4},"end":{"line":62,"column":64}},"17":{"start":{"line":65,"column":5},"end":{"line":74,"column":23}},"18":{"start":{"line":82,"column":4},"end":{"line":119,"column":5}},"19":{"start":{"line":83,"column":6},"end":{"line":98,"column":8}},"20":{"start":{"line":101,"column":6},"end":{"line":118,"column":8}},"21":{"start":{"line":125,"column":18},"end":{"line":142,"column":2}}},"fnMap":{"0":{"name":"(anonymous_0)","decl":{"start":{"line":13,"column":2},"end":{"line":13,"column":3}},"loc":{"start":{"line":13,"column":21},"end":{"line":23,"column":3}},"line":13},"1":{"name":"(anonymous_1)","decl":{"start":{"line":30,"column":2},"end":{"line":30,"column":3}},"loc":{"start":{"line":30,"column":23},"end":{"line":34,"column":3}},"line":30},"2":{"name":"(anonymous_2)","decl":{"start":{"line":37,"column":27},"end":{"line":37,"column":28}},"loc":{"start":{"line":37,"column":43},"end":{"line":39,"column":3}},"line":37},"3":{"name":"(anonymous_3)","decl":{"start":{"line":42,"column":2},"end":{"line":42,"column":3}},"loc":{"start":{"line":42,"column":23},"end":{"line":52,"column":3}},"line":42},"4":{"name":"(anonymous_4)","decl":{"start":{"line":55,"column":22},"end":{"line":55,"column":23}},"loc":{"start":{"line":55,"column":34},"end":{"line":79,"column":3}},"line":55},"5":{"name":"(anonymous_5)","decl":{"start":{"line":81,"column":2},"end":{"line":81,"column":3}},"loc":{"start":{"line":81,"column":11},"end":{"line":120,"column":3}},"line":81}},"branchMap":{"0":{"loc":{"start":{"line":43,"column":4},"end":{"line":51,"column":5}},"type":"if","locations":[{"start":{"line":43,"column":4},"end":{"line":51,"column":5}},{"start":{"line":43,"column":4},"end":{"line":51,"column":5}}],"line":43},"1":{"loc":{"start":{"line":44,"column":6},"end":{"line":49,"column":7}},"type":"if","locations":[{"start":{"line":44,"column":6},"end":{"line":49,"column":7}},{"start":{"line":44,"column":6},"end":{"line":49,"column":7}}],"line":44},"2":{"loc":{"start":{"line":44,"column":10},"end":{"line":44,"column":120}},"type":"binary-expr","locations":[{"start":{"line":44,"column":10},"end":{"line":44,"column":62}},{"start":{"line":44,"column":66},"end":{"line":44,"column":120}}],"line":44},"3":{"loc":{"start":{"line":57,"column":4},"end":{"line":59,"column":66}},"type":"if","locations":[{"start":{"line":57,"column":4},"end":{"line":59,"column":66}},{"start":{"line":57,"column":4},"end":{"line":59,"column":66}}],"line":57},"4":{"loc":{"start":{"line":82,"column":4},"end":{"line":119,"column":5}},"type":"if","locations":[{"start":{"line":82,"column":4},"end":{"line":119,"column":5}},{"start":{"line":82,"column":4},"end":{"line":119,"column":5}}],"line":82}},"s":{"0":2,"1":2,"2":2,"3":2,"4":1,"5":1,"6":1,"7":0,"8":0,"9":0,"10":0,"11":1,"12":0,"13":0,"14":0,"15":0,"16":0,"17":0,"18":1,"19":1,"20":0,"21":2},"f":{"0":1,"1":1,"2":0,"3":0,"4":1,"5":1},"b":{"0":[0,0],"1":[0,0],"2":[0,0],"3":[0,0],"4":[1,0]},"_coverageSchema":"332fd63041d2c1bcb487cc26dd0d5f7d97098a6c","hash":"d540997c685b4ff25576c82d07d7af28c9d49204"}
,"/Users/bruker/Documents/Skole/NTNU/3.KlasseHøst/Webutvikling/it2810-webutvikling-h18-prosjekt-3-31/screens/TodoScreen.js": {"path":"/Users/bruker/Documents/Skole/NTNU/3.KlasseHøst/Webutvikling/it2810-webutvikling-h18-prosjekt-3-31/screens/TodoScreen.js","statementMap":{"0":{"start":{"line":15,"column":18},"end":{"line":15,"column":42}},"1":{"start":{"line":16,"column":20},"end":{"line":16,"column":22}},"2":{"start":{"line":22,"column":4},"end":{"line":22,"column":17}},"3":{"start":{"line":23,"column":4},"end":{"line":23,"column":51}},"4":{"start":{"line":37,"column":4},"end":{"line":44,"column":5}},"5":{"start":{"line":38,"column":6},"end":{"line":43,"column":8}},"6":{"start":{"line":42,"column":14},"end":{"line":42,"column":49}},"7":{"start":{"line":50,"column":4},"end":{"line":57,"column":6}},"8":{"start":{"line":52,"column":20},"end":{"line":52,"column":43}},"9":{"start":{"line":53,"column":8},"end":{"line":53,"column":27}},"10":{"start":{"line":54,"column":8},"end":{"line":54,"column":64}},"11":{"start":{"line":56,"column":12},"end":{"line":56,"column":47}},"12":{"start":{"line":62,"column":4},"end":{"line":65,"column":6}},"13":{"start":{"line":64,"column":11},"end":{"line":64,"column":80}},"14":{"start":{"line":67,"column":4},"end":{"line":70,"column":6}},"15":{"start":{"line":69,"column":12},"end":{"line":69,"column":55}},"16":{"start":{"line":72,"column":4},"end":{"line":72,"column":69}},"17":{"start":{"line":72,"column":30},"end":{"line":72,"column":67}},"18":{"start":{"line":76,"column":4},"end":{"line":106,"column":6}},"19":{"start":{"line":82,"column":44},"end":{"line":82,"column":60}},"20":{"start":{"line":84,"column":12},"end":{"line":92,"column":19}},"21":{"start":{"line":89,"column":51},"end":{"line":89,"column":73}},"22":{"start":{"line":97,"column":34},"end":{"line":97,"column":63}},"23":{"start":{"line":98,"column":33},"end":{"line":98,"column":62}},"24":{"start":{"line":114,"column":19},"end":{"line":131,"column":1}},"25":{"start":{"line":116,"column":4},"end":{"line":118,"column":6}},"26":{"start":{"line":117,"column":50},"end":{"line":117,"column":72}},"27":{"start":{"line":121,"column":4},"end":{"line":121,"column":51}},"28":{"start":{"line":121,"column":29},"end":{"line":121,"column":38}},"29":{"start":{"line":124,"column":4},"end":{"line":126,"column":6}},"30":{"start":{"line":125,"column":6},"end":{"line":125,"column":50}},"31":{"start":{"line":129,"column":4},"end":{"line":129,"column":77}},"32":{"start":{"line":136,"column":15},"end":{"line":174,"column":2}}},"fnMap":{"0":{"name":"(anonymous_0)","decl":{"start":{"line":21,"column":2},"end":{"line":21,"column":3}},"loc":{"start":{"line":21,"column":21},"end":{"line":24,"column":3}},"line":21},"1":{"name":"(anonymous_1)","decl":{"start":{"line":36,"column":12},"end":{"line":36,"column":13}},"loc":{"start":{"line":36,"column":20},"end":{"line":45,"column":3}},"line":36},"2":{"name":"(anonymous_2)","decl":{"start":{"line":42,"column":8},"end":{"line":42,"column":9}},"loc":{"start":{"line":42,"column":14},"end":{"line":42,"column":49}},"line":42},"3":{"name":"(anonymous_3)","decl":{"start":{"line":48,"column":15},"end":{"line":48,"column":16}},"loc":{"start":{"line":48,"column":20},"end":{"line":58,"column":3}},"line":48},"4":{"name":"(anonymous_4)","decl":{"start":{"line":51,"column":6},"end":{"line":51,"column":7}},"loc":{"start":{"line":51,"column":19},"end":{"line":55,"column":7}},"line":51},"5":{"name":"(anonymous_5)","decl":{"start":{"line":56,"column":6},"end":{"line":56,"column":7}},"loc":{"start":{"line":56,"column":12},"end":{"line":56,"column":47}},"line":56},"6":{"name":"(anonymous_6)","decl":{"start":{"line":61,"column":2},"end":{"line":61,"column":3}},"loc":{"start":{"line":61,"column":22},"end":{"line":73,"column":3}},"line":61},"7":{"name":"(anonymous_7)","decl":{"start":{"line":64,"column":6},"end":{"line":64,"column":7}},"loc":{"start":{"line":64,"column":11},"end":{"line":64,"column":80}},"line":64},"8":{"name":"(anonymous_8)","decl":{"start":{"line":69,"column":6},"end":{"line":69,"column":7}},"loc":{"start":{"line":69,"column":12},"end":{"line":69,"column":55}},"line":69},"9":{"name":"(anonymous_9)","decl":{"start":{"line":72,"column":21},"end":{"line":72,"column":22}},"loc":{"start":{"line":72,"column":30},"end":{"line":72,"column":67}},"line":72},"10":{"name":"(anonymous_10)","decl":{"start":{"line":75,"column":2},"end":{"line":75,"column":3}},"loc":{"start":{"line":75,"column":11},"end":{"line":107,"column":3}},"line":75},"11":{"name":"(anonymous_11)","decl":{"start":{"line":82,"column":27},"end":{"line":82,"column":28}},"loc":{"start":{"line":82,"column":44},"end":{"line":82,"column":60}},"line":82},"12":{"name":"(anonymous_12)","decl":{"start":{"line":83,"column":22},"end":{"line":83,"column":23}},"loc":{"start":{"line":84,"column":12},"end":{"line":92,"column":19}},"line":84},"13":{"name":"(anonymous_13)","decl":{"start":{"line":89,"column":45},"end":{"line":89,"column":46}},"loc":{"start":{"line":89,"column":51},"end":{"line":89,"column":73}},"line":89},"14":{"name":"(anonymous_14)","decl":{"start":{"line":97,"column":24},"end":{"line":97,"column":25}},"loc":{"start":{"line":97,"column":34},"end":{"line":97,"column":63}},"line":97},"15":{"name":"(anonymous_15)","decl":{"start":{"line":98,"column":27},"end":{"line":98,"column":28}},"loc":{"start":{"line":98,"column":33},"end":{"line":98,"column":62}},"line":98},"16":{"name":"(anonymous_16)","decl":{"start":{"line":117,"column":36},"end":{"line":117,"column":37}},"loc":{"start":{"line":117,"column":50},"end":{"line":117,"column":72}},"line":117},"17":{"name":"(anonymous_17)","decl":{"start":{"line":121,"column":21},"end":{"line":121,"column":22}},"loc":{"start":{"line":121,"column":29},"end":{"line":121,"column":38}},"line":121},"18":{"name":"(anonymous_18)","decl":{"start":{"line":124,"column":41},"end":{"line":124,"column":42}},"loc":{"start":{"line":125,"column":6},"end":{"line":125,"column":50}},"line":125}},"branchMap":{"0":{"loc":{"start":{"line":37,"column":4},"end":{"line":44,"column":5}},"type":"if","locations":[{"start":{"line":37,"column":4},"end":{"line":44,"column":5}},{"start":{"line":37,"column":4},"end":{"line":44,"column":5}}],"line":37},"1":{"loc":{"start":{"line":63,"column":6},"end":{"line":63,"column":56}},"type":"cond-expr","locations":[{"start":{"line":63,"column":18},"end":{"line":63,"column":35}},{"start":{"line":63,"column":38},"end":{"line":63,"column":56}}],"line":63},"2":{"loc":{"start":{"line":68,"column":6},"end":{"line":68,"column":56}},"type":"cond-expr","locations":[{"start":{"line":68,"column":18},"end":{"line":68,"column":35}},{"start":{"line":68,"column":38},"end":{"line":68,"column":56}}],"line":68},"3":{"loc":{"start":{"line":72,"column":53},"end":{"line":72,"column":64}},"type":"binary-expr","locations":[{"start":{"line":72,"column":53},"end":{"line":72,"column":58}},{"start":{"line":72,"column":62},"end":{"line":72,"column":64}}],"line":72},"4":{"loc":{"start":{"line":117,"column":6},"end":{"line":117,"column":79}},"type":"cond-expr","locations":[{"start":{"line":117,"column":14},"end":{"line":117,"column":74}},{"start":{"line":117,"column":77},"end":{"line":117,"column":79}}],"line":117},"5":{"loc":{"start":{"line":168,"column":17},"end":{"line":168,"column":34}},"type":"cond-expr","locations":[{"start":{"line":168,"column":29},"end":{"line":168,"column":30}},{"start":{"line":168,"column":33},"end":{"line":168,"column":34}}],"line":168}},"s":{"0":2,"1":2,"2":6,"3":6,"4":5,"5":4,"6":4,"7":2,"8":2,"9":2,"10":2,"11":2,"12":6,"13":0,"14":6,"15":0,"16":6,"17":1,"18":13,"19":4,"20":0,"21":0,"22":0,"23":1,"24":2,"25":1,"26":0,"27":6,"28":4,"29":6,"30":1,"31":6,"32":2},"f":{"0":6,"1":5,"2":4,"3":2,"4":2,"5":2,"6":6,"7":0,"8":0,"9":1,"10":13,"11":4,"12":0,"13":0,"14":0,"15":1,"16":0,"17":4,"18":1},"b":{"0":[4,1],"1":[0,6],"2":[0,6],"3":[1,0],"4":[0,1],"5":[0,2]},"_coverageSchema":"332fd63041d2c1bcb487cc26dd0d5f7d97098a6c","hash":"89020841e967babdf4e144f4f8c3f012baf52a76"}
}
