TN:
SF:/Users/bruker/Documents/Skole/NTNU/3.KlasseHøst/Webutvikling/it2810-webutvikling-h18-prosjekt-3-31/App.js
FN:11,(anonymous_0)
FN:30,(anonymous_1)
FN:46,(anonymous_2)
FN:52,(anonymous_3)
FNF:4
FNH:3
FNDA:3,(anonymous_0)
FNDA:1,(anonymous_1)
FNDA:0,(anonymous_2)
FNDA:1,(anonymous_3)
DA:12,3
DA:13,1
DA:21,2
DA:31,1
DA:49,0
DA:53,1
DA:57,1
LF:7
LH:6
BRDA:12,0,0,1
BRDA:12,0,1,2
BRDA:12,1,0,3
BRDA:12,1,1,2
BRDA:23,2,0,2
BRDA:23,2,1,2
BRF:6
BRH:6
end_of_record
TN:
SF:/Users/bruker/Documents/Skole/NTNU/3.KlasseHøst/Webutvikling/it2810-webutvikling-h18-prosjekt-3-31/assets/fonts/SpaceMono-Regular.ttf
FNF:0
FNH:0
DA:1,1
LF:1
LH:1
BRF:0
BRH:0
end_of_record
TN:
SF:/Users/bruker/Documents/Skole/NTNU/3.KlasseHøst/Webutvikling/it2810-webutvikling-h18-prosjekt-3-31/assets/images/robot-dev.png
FNF:0
FNH:0
DA:1,1
LF:1
LH:1
BRF:0
BRH:0
end_of_record
TN:
SF:/Users/bruker/Documents/Skole/NTNU/3.KlasseHøst/Webutvikling/it2810-webutvikling-h18-prosjekt-3-31/assets/images/robot-prod.png
FNF:0
FNH:0
DA:1,1
LF:1
LH:1
BRF:0
BRH:0
end_of_record
TN:
SF:/Users/bruker/Documents/Skole/NTNU/3.KlasseHøst/Webutvikling/it2810-webutvikling-h18-prosjekt-3-31/components/StyledText.js
FN:5,(anonymous_0)
FNF:1
FNH:1
FNDA:3,(anonymous_0)
DA:6,3
LF:1
LH:1
BRF:0
BRH:0
end_of_record
TN:
SF:/Users/bruker/Documents/Skole/NTNU/3.KlasseHøst/Webutvikling/it2810-webutvikling-h18-prosjekt-3-31/components/TabBarIcon.js
FN:7,(anonymous_0)
FNF:1
FNH:1
FNDA:16,(anonymous_0)
DA:8,16
LF:1
LH:1
BRDA:13,0,0,8
BRDA:13,0,1,8
BRF:2
BRH:2
end_of_record
TN:
SF:/Users/bruker/Documents/Skole/NTNU/3.KlasseHøst/Webutvikling/it2810-webutvikling-h18-prosjekt-3-31/constants/Colors.js
FNF:0
FNH:0
DA:1,1
LF:1
LH:1
BRF:0
BRH:0
end_of_record
TN:
SF:/Users/bruker/Documents/Skole/NTNU/3.KlasseHøst/Webutvikling/it2810-webutvikling-h18-prosjekt-3-31/navigation/AppNavigator.js
FNF:0
FNH:0
LF:0
LH:0
BRF:0
BRH:0
end_of_record
TN:
SF:/Users/bruker/Documents/Skole/NTNU/3.KlasseHøst/Webutvikling/it2810-webutvikling-h18-prosjekt-3-31/navigation/MainTabNavigator.js
FN:18,(anonymous_0)
FN:43,(anonymous_1)
FN:59,(anonymous_2)
FN:76,(anonymous_3)
FNF:4
FNH:4
FNDA:4,(anonymous_0)
FNDA:4,(anonymous_1)
FNDA:4,(anonymous_2)
FNDA:4,(anonymous_3)
DA:12,1
DA:16,1
DA:19,4
DA:30,1
DA:40,1
DA:44,4
DA:53,1
DA:57,1
DA:60,4
DA:70,1
DA:74,1
DA:77,4
LF:12
LH:12
BRDA:22,0,0,4
BRDA:22,0,1,0
BRDA:23,1,0,2
BRDA:23,1,1,2
BRDA:47,2,0,4
BRDA:47,2,1,0
BRDA:48,3,0,2
BRDA:48,3,1,2
BRDA:63,4,0,4
BRDA:63,4,1,0
BRDA:64,5,0,2
BRDA:64,5,1,2
BRDA:79,6,0,4
BRDA:79,6,1,0
BRDA:79,7,0,2
BRDA:79,7,1,2
BRF:16
BRH:12
end_of_record
TN:
SF:/Users/bruker/Documents/Skole/NTNU/3.KlasseHøst/Webutvikling/it2810-webutvikling-h18-prosjekt-3-31/screens/CalendarsScreen.js
FN:7,(anonymous_0)
FN:17,(anonymous_1)
FN:22,(anonymous_2)
FN:35,(anonymous_3)
FN:56,(anonymous_4)
FN:68,(anonymous_5)
FN:81,(anonymous_6)
FN:84,(anonymous_7)
FN:105,(anonymous_8)
FN:130,(anonymous_9)
FN:152,(anonymous_10)
FN:162,(anonymous_11)
FN:173,(anonymous_12)
FN:181,(anonymous_13)
FN:182,(anonymous_14)
FN:192,(anonymous_15)
FN:200,(anonymous_16)
FN:207,(anonymous_17)
FN:214,(anonymous_18)
FN:220,(anonymous_19)
FN:224,(anonymous_20)
FN:230,(anonymous_21)
FN:235,(anonymous_22)
FN:253,(anonymous_23)
FNF:24
FNH:14
FNDA:8,(anonymous_0)
FNDA:8,(anonymous_1)
FNDA:4,(anonymous_2)
FNDA:8,(anonymous_3)
FNDA:0,(anonymous_4)
FNDA:0,(anonymous_5)
FNDA:0,(anonymous_6)
FNDA:0,(anonymous_7)
FNDA:1,(anonymous_8)
FNDA:1,(anonymous_9)
FNDA:3,(anonymous_10)
FNDA:3,(anonymous_11)
FNDA:0,(anonymous_12)
FNDA:0,(anonymous_13)
FNDA:0,(anonymous_14)
FNDA:0,(anonymous_15)
FNDA:1,(anonymous_16)
FNDA:1,(anonymous_17)
FNDA:1,(anonymous_18)
FNDA:0,(anonymous_19)
FNDA:5,(anonymous_20)
FNDA:2,(anonymous_21)
FNDA:12,(anonymous_22)
FNDA:0,(anonymous_23)
DA:8,8
DA:9,8
DA:10,8
DA:11,8
DA:18,8
DA:23,4
DA:24,0
DA:25,0
DA:26,0
DA:27,0
DA:28,0
DA:36,8
DA:37,8
DA:38,0
DA:39,0
DA:40,0
DA:41,0
DA:42,0
DA:46,0
DA:47,0
DA:49,0
DA:52,0
DA:53,0
DA:57,0
DA:58,0
DA:59,0
DA:60,0
DA:63,0
DA:70,0
DA:71,0
DA:73,0
DA:74,0
DA:77,0
DA:78,0
DA:80,0
DA:82,0
DA:85,0
DA:106,1
DA:107,1
DA:108,1
DA:109,1
DA:110,1
DA:111,1
DA:112,1
DA:113,1
DA:114,1
DA:115,1
DA:122,1
DA:123,1
DA:131,1
DA:132,0
DA:133,0
DA:136,1
DA:153,3
DA:154,3
DA:155,3
DA:156,3
DA:157,3
DA:161,3
DA:162,3
DA:163,3
DA:168,0
DA:172,0
DA:173,0
DA:174,0
DA:182,0
DA:183,0
DA:184,0
DA:185,0
DA:186,0
DA:187,0
DA:191,0
DA:192,0
DA:193,0
DA:201,1
DA:208,1
DA:215,1
DA:221,0
DA:225,5
DA:226,5
DA:231,2
DA:232,2
DA:236,12
DA:253,0
DA:261,2
LF:85
LH:39
BRDA:23,0,0,0
BRDA:23,0,1,4
BRDA:24,1,0,0
BRDA:24,1,1,0
BRDA:40,2,0,0
BRDA:40,2,1,0
BRDA:40,3,0,0
BRDA:40,3,1,0
BRDA:40,3,2,0
BRDA:73,4,0,0
BRDA:73,4,1,0
BRDA:73,5,0,0
BRDA:73,5,1,0
BRDA:73,5,2,0
BRDA:77,6,0,0
BRDA:77,6,1,0
BRDA:131,7,0,0
BRDA:131,7,1,1
BRDA:131,8,0,1
BRDA:131,8,1,0
BRDA:155,9,0,3
BRDA:155,9,1,0
BRDA:186,10,0,0
BRDA:186,10,1,0
BRF:24
BRH:4
end_of_record
TN:
SF:/Users/bruker/Documents/Skole/NTNU/3.KlasseHøst/Webutvikling/it2810-webutvikling-h18-prosjekt-3-31/screens/FormScreen.js
FN:29,(anonymous_0)
FN:38,(anonymous_1)
FN:48,(anonymous_2)
FN:54,(anonymous_3)
FN:66,(anonymous_4)
FN:73,(anonymous_5)
FN:95,(anonymous_6)
FNF:7
FNH:3
FNDA:1,(anonymous_0)
FNDA:1,(anonymous_1)
FNDA:0,(anonymous_2)
FNDA:1,(anonymous_3)
FNDA:0,(anonymous_4)
FNDA:0,(anonymous_5)
FNDA:0,(anonymous_6)
DA:7,2
DA:30,1
DA:31,1
DA:39,1
DA:43,0
DA:49,0
DA:51,0
DA:55,1
DA:56,1
DA:62,0
DA:67,0
DA:73,0
DA:84,2
DA:95,2
LF:14
LH:8
BRDA:55,0,0,1
BRDA:55,0,1,0
BRF:2
BRH:1
end_of_record
TN:
SF:/Users/bruker/Documents/Skole/NTNU/3.KlasseHøst/Webutvikling/it2810-webutvikling-h18-prosjekt-3-31/screens/HomeScreen.js
FN:20,(anonymous_0)
FN:67,(anonymous_1)
FN:90,(anonymous_2)
FN:94,(anonymous_3)
FNF:4
FNH:2
FNDA:2,(anonymous_0)
FNDA:2,(anonymous_1)
FNDA:0,(anonymous_2)
FNDA:0,(anonymous_3)
DA:21,2
DA:68,2
DA:70,2
DA:75,2
DA:82,0
DA:91,0
DA:95,0
DA:101,1
LF:8
LH:5
BRDA:27,0,0,2
BRDA:27,0,1,0
BRDA:68,1,0,2
BRDA:68,1,1,0
BRF:4
BRH:2
end_of_record
TN:
SF:/Users/bruker/Documents/Skole/NTNU/3.KlasseHøst/Webutvikling/it2810-webutvikling-h18-prosjekt-3-31/screens/SettingsScreen.js
FN:9,(anonymous_0)
FNF:1
FNH:0
FNDA:0,(anonymous_0)
DA:12,0
LF:1
LH:0
BRF:0
BRH:0
end_of_record
TN:
SF:/Users/bruker/Documents/Skole/NTNU/3.KlasseHøst/Webutvikling/it2810-webutvikling-h18-prosjekt-3-31/screens/TodoScreen.js
FN:35,(anonymous_0)
FN:41,(anonymous_1)
FN:47,(anonymous_2)
FN:49,(anonymous_3)
FN:54,(anonymous_4)
FN:59,(anonymous_5)
FN:62,(anonymous_6)
FN:67,(anonymous_7)
FN:70,(anonymous_8)
FN:73,(anonymous_9)
FN:79,(anonymous_10)
FN:80,(anonymous_11)
FN:86,(anonymous_12)
FN:94,(anonymous_13)
FN:95,(anonymous_14)
FN:114,(anonymous_15)
FN:118,(anonymous_16)
FN:121,(anonymous_17)
FNF:18
FNH:12
FNDA:4,(anonymous_0)
FNDA:3,(anonymous_1)
FNDA:1,(anonymous_2)
FNDA:1,(anonymous_3)
FNDA:1,(anonymous_4)
FNDA:5,(anonymous_5)
FNDA:0,(anonymous_6)
FNDA:0,(anonymous_7)
FNDA:1,(anonymous_8)
FNDA:10,(anonymous_9)
FNDA:3,(anonymous_10)
FNDA:0,(anonymous_11)
FNDA:0,(anonymous_12)
FNDA:0,(anonymous_13)
FNDA:1,(anonymous_14)
FNDA:0,(anonymous_15)
FNDA:3,(anonymous_16)
FNDA:1,(anonymous_17)
DA:15,2
DA:16,2
DA:36,4
DA:37,3
DA:41,3
DA:48,1
DA:50,1
DA:51,1
DA:52,1
DA:54,1
DA:60,5
DA:62,0
DA:65,5
DA:67,0
DA:70,5
DA:74,10
DA:79,3
DA:81,0
DA:86,0
DA:94,0
DA:95,1
DA:111,2
DA:113,1
DA:114,0
DA:118,4
DA:121,5
DA:122,1
DA:126,4
DA:131,2
LF:29
LH:23
BRDA:36,0,0,3
BRDA:36,0,1,1
BRDA:61,1,0,0
BRDA:61,1,1,5
BRDA:66,2,0,0
BRDA:66,2,1,5
BRDA:70,3,0,1
BRDA:70,3,1,0
BRDA:114,4,0,0
BRDA:114,4,1,1
BRDA:163,5,0,0
BRDA:163,5,1,2
BRF:12
BRH:7
end_of_record
