TN:
SF:C:\Users\Jack Syvertsen\Desktop\NTNU\Webutvikling\Prosjekt3\App.js
FN:11,(anonymous_0)
FN:30,(anonymous_1)
FN:46,(anonymous_2)
FN:52,(anonymous_3)
FNF:4
FNH:3
FNDA:3,(anonymous_0)
FNDA:1,(anonymous_1)
FNDA:0,(anonymous_2)
FNDA:1,(anonymous_3)
DA:12,3
DA:13,1
DA:21,2
DA:31,1
DA:49,0
DA:53,1
DA:57,1
LF:7
LH:6
BRDA:12,0,0,1
BRDA:12,0,1,2
BRDA:12,1,0,3
BRDA:12,1,1,2
BRDA:23,2,0,2
BRDA:23,2,1,2
BRF:6
BRH:6
end_of_record
TN:
SF:C:\Users\Jack Syvertsen\Desktop\NTNU\Webutvikling\Prosjekt3\assets\fonts\SpaceMono-Regular.ttf
FNF:0
FNH:0
DA:1,1
LF:1
LH:1
BRF:0
BRH:0
end_of_record
TN:
SF:C:\Users\Jack Syvertsen\Desktop\NTNU\Webutvikling\Prosjekt3\assets\images\robot-dev.png
FNF:0
FNH:0
DA:1,1
LF:1
LH:1
BRF:0
BRH:0
end_of_record
TN:
SF:C:\Users\Jack Syvertsen\Desktop\NTNU\Webutvikling\Prosjekt3\assets\images\robot-prod.png
FNF:0
FNH:0
DA:1,1
LF:1
LH:1
BRF:0
BRH:0
end_of_record
TN:
SF:C:\Users\Jack Syvertsen\Desktop\NTNU\Webutvikling\Prosjekt3\components\StyledText.js
FN:5,(anonymous_0)
FNF:1
FNH:1
FNDA:3,(anonymous_0)
DA:6,3
LF:1
LH:1
BRF:0
BRH:0
end_of_record
TN:
SF:C:\Users\Jack Syvertsen\Desktop\NTNU\Webutvikling\Prosjekt3\components\TabBarIcon.js
FN:7,(anonymous_0)
FNF:1
FNH:1
FNDA:16,(anonymous_0)
DA:8,16
LF:1
LH:1
BRDA:13,0,0,8
BRDA:13,0,1,8
BRF:2
BRH:2
end_of_record
TN:
SF:C:\Users\Jack Syvertsen\Desktop\NTNU\Webutvikling\Prosjekt3\constants\Colors.js
FNF:0
FNH:0
DA:1,1
LF:1
LH:1
BRF:0
BRH:0
end_of_record
TN:
SF:C:\Users\Jack Syvertsen\Desktop\NTNU\Webutvikling\Prosjekt3\navigation\AppNavigator.js
FNF:0
FNH:0
LF:0
LH:0
BRF:0
BRH:0
end_of_record
TN:
SF:C:\Users\Jack Syvertsen\Desktop\NTNU\Webutvikling\Prosjekt3\navigation\MainTabNavigator.js
FN:18,(anonymous_0)
FN:43,(anonymous_1)
FN:59,(anonymous_2)
FN:76,(anonymous_3)
FNF:4
FNH:4
FNDA:4,(anonymous_0)
FNDA:4,(anonymous_1)
FNDA:4,(anonymous_2)
FNDA:4,(anonymous_3)
DA:12,1
DA:16,1
DA:19,4
DA:30,1
DA:40,1
DA:44,4
DA:53,1
DA:57,1
DA:60,4
DA:70,1
DA:74,1
DA:77,4
LF:12
LH:12
BRDA:22,0,0,4
BRDA:22,0,1,0
BRDA:23,1,0,2
BRDA:23,1,1,2
BRDA:47,2,0,4
BRDA:47,2,1,0
BRDA:48,3,0,2
BRDA:48,3,1,2
BRDA:63,4,0,4
BRDA:63,4,1,0
BRDA:64,5,0,2
BRDA:64,5,1,2
BRDA:79,6,0,4
BRDA:79,6,1,0
BRDA:79,7,0,2
BRDA:79,7,1,2
BRF:16
BRH:12
end_of_record
TN:
SF:C:\Users\Jack Syvertsen\Desktop\NTNU\Webutvikling\Prosjekt3\screens\CalendarsScreen.js
FN:7,(anonymous_0)
FN:18,(anonymous_1)
FN:23,(anonymous_2)
FN:38,(anonymous_3)
FN:59,(anonymous_4)
FN:72,(anonymous_5)
FN:85,(anonymous_6)
FN:88,(anonymous_7)
FN:109,(anonymous_8)
FN:134,(anonymous_9)
FN:156,(anonymous_10)
FN:166,(anonymous_11)
FN:177,(anonymous_12)
FN:187,(anonymous_13)
FN:188,(anonymous_14)
FN:198,(anonymous_15)
FN:206,(anonymous_16)
FN:213,(anonymous_17)
FN:220,(anonymous_18)
FN:226,(anonymous_19)
FN:231,(anonymous_20)
FN:237,(anonymous_21)
FN:242,(anonymous_22)
FN:263,(anonymous_23)
FNF:24
FNH:14
FNDA:8,(anonymous_0)
FNDA:8,(anonymous_1)
FNDA:4,(anonymous_2)
FNDA:8,(anonymous_3)
FNDA:0,(anonymous_4)
FNDA:0,(anonymous_5)
FNDA:0,(anonymous_6)
FNDA:0,(anonymous_7)
FNDA:1,(anonymous_8)
FNDA:1,(anonymous_9)
FNDA:3,(anonymous_10)
FNDA:3,(anonymous_11)
FNDA:0,(anonymous_12)
FNDA:0,(anonymous_13)
FNDA:0,(anonymous_14)
FNDA:0,(anonymous_15)
FNDA:1,(anonymous_16)
FNDA:1,(anonymous_17)
FNDA:1,(anonymous_18)
FNDA:0,(anonymous_19)
FNDA:5,(anonymous_20)
FNDA:2,(anonymous_21)
FNDA:12,(anonymous_22)
FNDA:0,(anonymous_23)
DA:8,8
DA:9,8
DA:10,8
DA:11,8
DA:19,8
DA:24,4
DA:25,0
DA:26,0
DA:27,0
DA:28,0
DA:29,0
DA:39,8
DA:40,8
DA:41,0
DA:42,0
DA:43,0
DA:44,0
DA:45,0
DA:49,0
DA:50,0
DA:52,0
DA:55,0
DA:56,0
DA:60,0
DA:61,0
DA:62,0
DA:63,0
DA:66,0
DA:74,0
DA:75,0
DA:77,0
DA:78,0
DA:81,0
DA:82,0
DA:84,0
DA:86,0
DA:89,0
DA:110,1
DA:111,1
DA:112,1
DA:113,1
DA:114,1
DA:115,1
DA:116,1
DA:117,1
DA:118,1
DA:119,1
DA:126,1
DA:127,1
DA:135,1
DA:136,0
DA:137,0
DA:140,1
DA:157,3
DA:158,3
DA:159,3
DA:160,3
DA:161,3
DA:165,3
DA:166,3
DA:167,3
DA:172,0
DA:176,0
DA:177,0
DA:178,0
DA:188,0
DA:189,0
DA:190,0
DA:191,0
DA:192,0
DA:193,0
DA:197,0
DA:198,0
DA:199,0
DA:207,1
DA:214,1
DA:221,1
DA:227,0
DA:232,5
DA:233,5
DA:238,2
DA:239,2
DA:244,12
DA:263,0
DA:272,2
LF:85
LH:39
BRDA:24,0,0,0
BRDA:24,0,1,4
BRDA:25,1,0,0
BRDA:25,1,1,0
BRDA:43,2,0,0
BRDA:43,2,1,0
BRDA:43,3,0,0
BRDA:43,3,1,0
BRDA:43,3,2,0
BRDA:77,4,0,0
BRDA:77,4,1,0
BRDA:77,5,0,0
BRDA:77,5,1,0
BRDA:77,5,2,0
BRDA:81,6,0,0
BRDA:81,6,1,0
BRDA:135,7,0,0
BRDA:135,7,1,1
BRDA:135,8,0,1
BRDA:135,8,1,0
BRDA:159,9,0,3
BRDA:159,9,1,0
BRDA:192,10,0,0
BRDA:192,10,1,0
BRF:24
BRH:4
end_of_record
TN:
SF:C:\Users\Jack Syvertsen\Desktop\NTNU\Webutvikling\Prosjekt3\screens\FormScreen.js
FN:29,(anonymous_0)
FN:38,(anonymous_1)
FN:48,(anonymous_2)
FN:54,(anonymous_3)
FN:66,(anonymous_4)
FN:73,(anonymous_5)
FN:95,(anonymous_6)
FNF:7
FNH:3
FNDA:1,(anonymous_0)
FNDA:1,(anonymous_1)
FNDA:0,(anonymous_2)
FNDA:1,(anonymous_3)
FNDA:0,(anonymous_4)
FNDA:0,(anonymous_5)
FNDA:0,(anonymous_6)
DA:7,2
DA:30,1
DA:31,1
DA:39,1
DA:43,0
DA:49,0
DA:51,0
DA:55,1
DA:56,1
DA:62,0
DA:67,0
DA:73,0
DA:84,2
DA:95,2
LF:14
LH:8
BRDA:55,0,0,1
BRDA:55,0,1,0
BRF:2
BRH:1
end_of_record
TN:
SF:C:\Users\Jack Syvertsen\Desktop\NTNU\Webutvikling\Prosjekt3\screens\HomeScreen.js
FN:20,(anonymous_0)
FN:67,(anonymous_1)
FN:90,(anonymous_2)
FN:94,(anonymous_3)
FNF:4
FNH:2
FNDA:2,(anonymous_0)
FNDA:2,(anonymous_1)
FNDA:0,(anonymous_2)
FNDA:0,(anonymous_3)
DA:21,2
DA:68,2
DA:70,2
DA:75,2
DA:82,0
DA:91,0
DA:95,0
DA:101,1
LF:8
LH:5
BRDA:27,0,0,2
BRDA:27,0,1,0
BRDA:68,1,0,2
BRDA:68,1,1,0
BRF:4
BRH:2
end_of_record
TN:
SF:C:\Users\Jack Syvertsen\Desktop\NTNU\Webutvikling\Prosjekt3\screens\SettingsScreen.js
FN:9,(anonymous_0)
FNF:1
FNH:0
FNDA:0,(anonymous_0)
DA:12,0
LF:1
LH:0
BRF:0
BRH:0
end_of_record
TN:
SF:C:\Users\Jack Syvertsen\Desktop\NTNU\Webutvikling\Prosjekt3\screens\TodoScreen.js
FN:35,(anonymous_0)
FN:41,(anonymous_1)
FN:47,(anonymous_2)
FN:49,(anonymous_3)
FN:54,(anonymous_4)
FN:59,(anonymous_5)
FN:62,(anonymous_6)
FN:67,(anonymous_7)
FN:70,(anonymous_8)
FN:73,(anonymous_9)
FN:79,(anonymous_10)
FN:80,(anonymous_11)
FN:86,(anonymous_12)
FN:94,(anonymous_13)
FN:95,(anonymous_14)
FN:114,(anonymous_15)
FN:118,(anonymous_16)
FN:121,(anonymous_17)
FNF:18
FNH:12
FNDA:4,(anonymous_0)
FNDA:3,(anonymous_1)
FNDA:1,(anonymous_2)
FNDA:1,(anonymous_3)
FNDA:1,(anonymous_4)
FNDA:5,(anonymous_5)
FNDA:0,(anonymous_6)
FNDA:0,(anonymous_7)
FNDA:1,(anonymous_8)
FNDA:10,(anonymous_9)
FNDA:3,(anonymous_10)
FNDA:0,(anonymous_11)
FNDA:0,(anonymous_12)
FNDA:0,(anonymous_13)
FNDA:1,(anonymous_14)
FNDA:0,(anonymous_15)
FNDA:3,(anonymous_16)
FNDA:1,(anonymous_17)
DA:15,2
DA:16,2
DA:36,4
DA:37,3
DA:41,3
DA:48,1
DA:50,1
DA:51,1
DA:52,1
DA:54,1
DA:60,5
DA:62,0
DA:65,5
DA:67,0
DA:70,5
DA:74,10
DA:79,3
DA:81,0
DA:86,0
DA:94,0
DA:95,1
DA:111,2
DA:113,1
DA:114,0
DA:118,4
DA:121,5
DA:122,1
DA:126,4
DA:131,2
LF:29
LH:23
BRDA:36,0,0,3
BRDA:36,0,1,1
BRDA:61,1,0,0
BRDA:61,1,1,5
BRDA:66,2,0,0
BRDA:66,2,1,5
BRDA:70,3,0,1
BRDA:70,3,1,0
BRDA:114,4,0,0
BRDA:114,4,1,1
BRDA:163,5,0,0
BRDA:163,5,1,2
BRF:12
BRH:7
end_of_record
